<?xml version="1.0" encoding="UTF-8"?>
<testsuite xmlns:xsi="http://www.w3.org/2001/XMLSchema-instance" xsi:noNamespaceSchemaLocation="https://maven.apache.org/surefire/maven-surefire-plugin/xsd/surefire-test-report-3.0.xsd" version="3.0" name="com.netgear.test.ExtractProduct" time="3393.326" tests="1" errors="0" skipped="0" failures="0">
  <properties>
[...]
</properties>
  <testcase name="listOfProducts" classname="com.netgear.test.ExtractProduct" time="3392.014">
    <system-out><![CDATA[All category lists are : WiFi Routers
All category lists are : Orbi WiFi System
All category lists are : Nighthawk WiFi System
All category lists are : Home Networking
All category lists are : Apps & Services
All category lists are : Mobile Broadband
All category lists are : Meural
All category lists are : Insight
All category lists are : Switches
All category lists are : Business Wireless
All category lists are : Security
All category lists are : Network Storage
📸 Screenshot saved: C:\Automation\netgear-new\target\screenshots\Before Print.png
The dom Element is : support-nighthawk-wifi-7-routers
📸 Screenshot saved: C:\Automation\netgear-new\target\screenshots\After Print.png
📸 Screenshot saved: C:\Automation\netgear-new\target\screenshots\before_click.png
Size of wifi Router Element (306, 143)
📸 Screenshot saved: C:\Automation\netgear-new\target\screenshots\after_click.png
📸 Screenshot saved: C:\Automation\netgear-new\target\screenshots\Before Print.png
The dom Element is : support-nighthawk-wifi-6e-routers
📸 Screenshot saved: C:\Automation\netgear-new\target\screenshots\After Print.png
📸 Screenshot saved: C:\Automation\netgear-new\target\screenshots\before_click.png
Size of wifi Router Element (306, 143)
📸 Screenshot saved: C:\Automation\netgear-new\target\screenshots\after_click.png
📸 Screenshot saved: C:\Automation\netgear-new\target\screenshots\Before Print.png
The dom Element is : support-nighthawk-wifi-6-routers
📸 Screenshot saved: C:\Automation\netgear-new\target\screenshots\After Print.png
📸 Screenshot saved: C:\Automation\netgear-new\target\screenshots\before_click.png
Size of wifi Router Element (306, 143)
📸 Screenshot saved: C:\Automation\netgear-new\target\screenshots\after_click.png
📸 Screenshot saved: C:\Automation\netgear-new\target\screenshots\Before Print.png
The dom Element is : support-nighthawk
📸 Screenshot saved: C:\Automation\netgear-new\target\screenshots\After Print.png
📸 Screenshot saved: C:\Automation\netgear-new\target\screenshots\before_click.png
Size of wifi Router Element (306, 143)
📸 Screenshot saved: C:\Automation\netgear-new\target\screenshots\after_click.png
📸 Screenshot saved: C:\Automation\netgear-new\target\screenshots\Before Print.png
The dom Element is : support-nighthawk-ac-routers
📸 Screenshot saved: C:\Automation\netgear-new\target\screenshots\After Print.png
📸 Screenshot saved: C:\Automation\netgear-new\target\screenshots\before_click.png
Size of wifi Router Element (306, 143)
📸 Screenshot saved: C:\Automation\netgear-new\target\screenshots\after_click.png
📸 Screenshot saved: C:\Automation\netgear-new\target\screenshots\Before Print.png
The dom Element is : support-acrouters
📸 Screenshot saved: C:\Automation\netgear-new\target\screenshots\After Print.png
📸 Screenshot saved: C:\Automation\netgear-new\target\screenshots\before_click.png
Size of wifi Router Element (306, 143)
📸 Screenshot saved: C:\Automation\netgear-new\target\screenshots\after_click.png
📸 Screenshot saved: C:\Automation\netgear-new\target\screenshots\Before Print.png
The dom Element is : support-accessories
📸 Screenshot saved: C:\Automation\netgear-new\target\screenshots\After Print.png
📸 Screenshot saved: C:\Automation\netgear-new\target\screenshots\before_click.png
Size of wifi Router Element (306, 143)
📸 Screenshot saved: C:\Automation\netgear-new\target\screenshots\after_click.png
📸 Screenshot saved: C:\Automation\netgear-new\target\screenshots\Before Print.png
The dom Element is : support-routers-apps
📸 Screenshot saved: C:\Automation\netgear-new\target\screenshots\After Print.png
📸 Screenshot saved: C:\Automation\netgear-new\target\screenshots\before_click.png
Size of wifi Router Element (306, 143)
📸 Screenshot saved: C:\Automation\netgear-new\target\screenshots\after_click.png
📸 Screenshot saved: C:\Automation\netgear-new\target\screenshots\Before Print.png
The dom Element is : support-legacy-routers
📸 Screenshot saved: C:\Automation\netgear-new\target\screenshots\After Print.png
📸 Screenshot saved: C:\Automation\netgear-new\target\screenshots\before_click.png
Size of wifi Router Element (306, 143)
📸 Screenshot saved: C:\Automation\netgear-new\target\screenshots\after_click.png
The link is*********** :https://stagesupport.netgear.com/support/product/be17000/
The elements text size under current version of above link********** : 3
Total links are 4
Link is:*********** https://www.downloads.netgear.com/files/GDC/BE17000/BE17000-V1.0.1.74.zip
Link is:*********** https://kb.netgear.com/000066601
Link is:*********** https://play.google.com/store/apps/details?id=com.netgear.netgearup&hl=en
Link is:*********** https://itunes.apple.com/us/app/netgear-up/id1124666597?mt=8
The link is*********** :https://stagesupport.netgear.com/support/product/be9300/
The elements text size under current version of above link********** : 3
Total links are 4
Link is:*********** https://www.downloads.netgear.com/files/GDC/BE9300/BE9300-V1.0.1.74.zip
Link is:*********** https://kb.netgear.com/000066585
Link is:*********** https://play.google.com/store/apps/details?id=com.netgear.netgearup&hl=en
Link is:*********** https://itunes.apple.com/us/app/netgear-up/id1124666597?mt=8
The link is*********** :https://stagesupport.netgear.com/support/product/rs100/
The elements text size under current version of above link********** : 3
Total links are 4
Link is:*********** https://www.downloads.netgear.com/files/GDC/RS100/RS100_V1.0.1.80.zip
Link is:*********** https://kb.netgear.com/000066618
Link is:*********** https://play.google.com/store/apps/details?id=com.netgear.netgearup&hl=en
Link is:*********** https://itunes.apple.com/us/app/netgear-up/id1124666597?mt=8
The link is*********** :https://stagesupport.netgear.com/support/product/rs130/
The elements text size under current version of above link********** : 2
Total links are 2
Link is:*********** https://play.google.com/store/apps/details?id=com.netgear.netgearup&hl=en
Link is:*********** https://itunes.apple.com/us/app/netgear-up/id1124666597?mt=8
The link is*********** :https://stagesupport.netgear.com/support/product/rs140/
The elements text size under current version of above link********** : 2
Total links are 2
Link is:*********** https://play.google.com/store/apps/details?id=com.netgear.netgearup&hl=en
Link is:*********** https://itunes.apple.com/us/app/netgear-up/id1124666597?mt=8
The link is*********** :https://stagesupport.netgear.com/support/product/rs150/
The elements text size under current version of above link********** : 3
Total links are 4
Link is:*********** https://www.downloads.netgear.com/files/GDC/RS150/RS150-V1.0.1.74.zip
Link is:*********** https://kb.netgear.com/000066568
Link is:*********** https://play.google.com/store/apps/details?id=com.netgear.netgearup&hl=en
Link is:*********** https://itunes.apple.com/us/app/netgear-up/id1124666597?mt=8
The link is*********** :https://stagesupport.netgear.com/support/product/rs150v2/
The elements text size under current version of above link********** : 3
Total links are 4
Link is:*********** https://www.downloads.netgear.com/files/GDC/RS150v2/RS150v2-V1.0.1.74.zip
Link is:*********** https://kb.netgear.com/000066612
Link is:*********** https://play.google.com/store/apps/details?id=com.netgear.netgearup&hl=en
Link is:*********** https://itunes.apple.com/us/app/netgear-up/id1124666597?mt=8
The link is*********** :https://stagesupport.netgear.com/support/product/rs180/
The elements text size under current version of above link********** : 2
Total links are 2
Link is:*********** https://play.google.com/store/apps/details?id=com.netgear.netgearup&hl=en
Link is:*********** https://itunes.apple.com/us/app/netgear-up/id1124666597?mt=8
The link is*********** :https://stagesupport.netgear.com/support/product/rs200/
The elements text size under current version of above link********** : 3
Total links are 4
Link is:*********** https://www.downloads.netgear.com/files/GDC/RS200/RS200-V1.0.1.74.zip
Link is:*********** https://kb.netgear.com/000066567
Link is:*********** https://play.google.com/store/apps/details?id=com.netgear.netgearup&hl=en
Link is:*********** https://itunes.apple.com/us/app/netgear-up/id1124666597?mt=8
The link is*********** :https://stagesupport.netgear.com/support/product/rs280/
The elements text size under current version of above link********** : 3
Total links are 4
Link is:*********** https://www.downloads.netgear.com/files/GDC/RS280S/RS280S-V1.0.1.74.zip
Link is:*********** https://kb.netgear.com/000066584
Link is:*********** https://play.google.com/store/apps/details?id=com.netgear.netgearup&hl=en
Link is:*********** https://itunes.apple.com/us/app/netgear-up/id1124666597?mt=8
The link is*********** :https://stagesupport.netgear.com/support/product/rs280s/
The elements text size under current version of above link********** : 3
Total links are 4
Link is:*********** https://www.downloads.netgear.com/files/GDC/RS280S/RS280S-V1.0.1.74.zip
Link is:*********** https://kb.netgear.com/000066584
Link is:*********** https://play.google.com/store/apps/details?id=com.netgear.netgearup&hl=en
Link is:*********** https://itunes.apple.com/us/app/netgear-up/id1124666597?mt=8
The link is*********** :https://stagesupport.netgear.com/support/product/rs300/
The elements text size under current version of above link********** : 3
Total links are 4
Link is:*********** https://www.downloads.netgear.com/files/GDC/RS300/RS300-V1.0.1.74.zip
Link is:*********** https://kb.netgear.com/000066583
Link is:*********** https://play.google.com/store/apps/details?id=com.netgear.netgearup&hl=en
Link is:*********** https://itunes.apple.com/us/app/netgear-up/id1124666597?mt=8
The link is*********** :https://stagesupport.netgear.com/support/product/rs500/
The elements text size under current version of above link********** : 3
Total links are 4
Link is:*********** https://www.downloads.netgear.com/files/GDC/RS500/RS500-V1.0.1.74.zip
Link is:*********** https://kb.netgear.com/000066566
Link is:*********** https://play.google.com/store/apps/details?id=com.netgear.netgearup&hl=en
Link is:*********** https://itunes.apple.com/us/app/netgear-up/id1124666597?mt=8
The link is*********** :https://stagesupport.netgear.com/support/product/rs600/
The elements text size under current version of above link********** : 3
Total links are 4
Link is:*********** https://www.downloads.netgear.com/files/GDC/RS600/RS600-V1.0.1.74.zip
Link is:*********** https://kb.netgear.com/000066528
Link is:*********** https://play.google.com/store/apps/details?id=com.netgear.netgearup&hl=en
Link is:*********** https://itunes.apple.com/us/app/netgear-up/id1124666597?mt=8
The link is*********** :https://stagesupport.netgear.com/support/product/rs70/
The elements text size under current version of above link********** : 3
Total links are 4
Link is:*********** https://www.downloads.netgear.com/files/GDC/RS70/RS70-V1.0.1.80.zip
Link is:*********** https://kb.netgear.com/000066616
Link is:*********** https://play.google.com/store/apps/details?id=com.netgear.netgearup&hl=en
Link is:*********** https://itunes.apple.com/us/app/netgear-up/id1124666597?mt=8
The link is*********** :https://stagesupport.netgear.com/support/product/rs700/
The elements text size under current version of above link********** : 3
Total links are 4
Link is:*********** https://www.downloads.netgear.com/files/GDC/RS700S/RS700S-V1.0.7.96.zip
Link is:*********** https://kb.netgear.com/000066519/
Link is:*********** https://play.google.com/store/apps/details?id=com.netgear.netgearup&hl=en
Link is:*********** https://itunes.apple.com/us/app/netgear-up/id1124666597?mt=8
The link is*********** :https://stagesupport.netgear.com/support/product/rs700s/
The elements text size under current version of above link********** : 3
Total links are 4
Link is:*********** https://www.downloads.netgear.com/files/GDC/RS700S/RS700S-V1.0.7.96.zip
Link is:*********** https://kb.netgear.com/000066519/
Link is:*********** https://play.google.com/store/apps/details?id=com.netgear.netgearup&hl=en
Link is:*********** https://itunes.apple.com/us/app/netgear-up/id1124666597?mt=8
The link is*********** :https://stagesupport.netgear.com/support/product/rs90/
The elements text size under current version of above link********** : 3
Total links are 4
Link is:*********** https://www.downloads.netgear.com/files/GDC/RS90/RS90_V1.0.1.80.zip
Link is:*********** https://kb.netgear.com/000066617
Link is:*********** https://play.google.com/store/apps/details?id=com.netgear.netgearup&hl=en
Link is:*********** https://itunes.apple.com/us/app/netgear-up/id1124666597?mt=8
The link is*********** :https://stagesupport.netgear.com/support/product/raxe290/
The elements text size under current version of above link********** : 3
Total links are 4
Link is:*********** https://www.downloads.netgear.com/files/GDC/RAXE290/RAXE290-V1.0.8.64_3.zip
Link is:*********** https://kb.netgear.com/000065585
Link is:*********** https://play.google.com/store/apps/details?id=com.netgear.netgearup&hl=en
Link is:*********** https://itunes.apple.com/us/app/netgear-up/id1124666597?mt=8
The link is*********** :https://stagesupport.netgear.com/support/product/raxe300/
The elements text size under current version of above link********** : 3
Total links are 4
Link is:*********** https://www.downloads.netgear.com/files/GDC/RAXE300/RAXE300-V1.0.8.64_3.zip
Link is:*********** https://kb.netgear.com/000065584
Link is:*********** https://play.google.com/store/apps/details?id=com.netgear.netgearup&hl=en
Link is:*********** https://itunes.apple.com/us/app/netgear-up/id1124666597?mt=8
The link is*********** :https://stagesupport.netgear.com/support/product/raxe450/
The elements text size under current version of above link********** : 3
Total links are 4
Link is:*********** https://www.downloads.netgear.com/files/GDC/RAXE450/RAXE450-V1.0.12.96.zip
Link is:*********** https://kb.netgear.com/000065501
Link is:*********** https://play.google.com/store/apps/details?id=com.netgear.netgearup&hl=en
Link is:*********** https://itunes.apple.com/us/app/netgear-up/id1124666597?mt=8
The link is*********** :https://stagesupport.netgear.com/support/product/raxe500/
The elements text size under current version of above link********** : 3
Total links are 4
Link is:*********** https://www.downloads.netgear.com/files/GDC/RAXE500/RAXE500-V1.2.13.100_2.0.54.zip
Link is:*********** https://kb.netgear.com/000065905
Link is:*********** https://play.google.com/store/apps/details?id=com.netgear.netgearup&hl=en
Link is:*********** https://itunes.apple.com/us/app/netgear-up/id1124666597?mt=8
The link is*********** :https://stagesupport.netgear.com/support/product/lax20/
The elements text size under current version of above link********** : 3
Total links are 4
Link is:*********** https://www.downloads.netgear.com/files/GDC/LAX20/LAX20-V1.1.6.34_2.0.52.zip
Link is:*********** https://kb.netgear.com/000064655
Link is:*********** https://play.google.com/store/apps/details?id=com.netgear.netgearup&hl=en
Link is:*********** https://itunes.apple.com/us/app/netgear-up/id1124666597?mt=8
The link is*********** :https://stagesupport.netgear.com/support/product/r6700ax/
The elements text size under current version of above link********** : 3
Total links are 4
Link is:*********** https://www.downloads.netgear.com/files/GDC/R6700AX/R6700AX-V1.0.18.164.zip
Link is:*********** https://kb.netgear.com/000066596
Link is:*********** https://play.google.com/store/apps/details?id=com.netgear.netgearup&hl=en
Link is:*********** https://itunes.apple.com/us/app/netgear-up/id1124666597?mt=8
The link is*********** :https://stagesupport.netgear.com/support/product/r6700axs/
The elements text size under current version of above link********** : 3
Total links are 4
Link is:*********** https://www.downloads.netgear.com/files/GDC/R6700AX/R6700AX-V1.0.15.146.zip
Link is:*********** https://kb.netgear.com/000065879
Link is:*********** https://play.google.com/store/apps/details?id=com.netgear.netgearup&hl=en
Link is:*********** https://itunes.apple.com/us/app/netgear-up/id1124666597?mt=8
The link is*********** :https://stagesupport.netgear.com/support/product/r6700axv3/
The elements text size under current version of above link********** : 3
Total links are 4
Link is:*********** https://www.downloads.netgear.com/files/GDC/R6700AXv3/R6700AXv3_V1.0.9.44_1.zip
Link is:*********** https://kb.netgear.com/000066613
Link is:*********** https://play.google.com/store/apps/details?id=com.netgear.netgearup&hl=en
Link is:*********** https://itunes.apple.com/us/app/netgear-up/id1124666597?mt=8
The link is*********** :https://stagesupport.netgear.com/support/product/rax10/
The elements text size under current version of above link********** : 3
Total links are 4
Link is:*********** https://www.downloads.netgear.com/files/GDC/RAX10/RAX10-V1.0.18.164.zip
Link is:*********** https://kb.netgear.com/000066595
Link is:*********** https://play.google.com/store/apps/details?id=com.netgear.netgearup&hl=en
Link is:*********** https://itunes.apple.com/us/app/netgear-up/id1124666597?mt=8
The link is*********** :https://stagesupport.netgear.com/support/product/rax10v2/
The elements text size under current version of above link********** : 2
Total links are 2
Link is:*********** https://play.google.com/store/apps/details?id=com.netgear.netgearup&hl=en
Link is:*********** https://itunes.apple.com/us/app/netgear-up/id1124666597?mt=8
The link is*********** :https://stagesupport.netgear.com/support/product/rax120/
The elements text size under current version of above link********** : 4
Total links are 5
Link is:*********** https://www.downloads.netgear.com/files/GDC/RAX120/RAX120v2v1-V1.2.9.52.zip
Link is:*********** https://kb.netgear.com/000065822
Link is:*********** https://play.google.com/store/apps/details?id=com.netgear.netgearup&hl=en
Link is:*********** https://itunes.apple.com/us/app/netgear-up/id1124666597?mt=8
Link is:*********** https://www.downloads.netgear.com/files/GDC/DGN2200V3/ReadyShareConnect.exe
The link is*********** :https://stagesupport.netgear.com/support/product/rax120v2/
The elements text size under current version of above link********** : 4
Total links are 5
Link is:*********** https://www.downloads.netgear.com/files/GDC/RAX120/RAX120v2v1-V1.2.9.52.zip
Link is:*********** https://kb.netgear.com/000065822
Link is:*********** https://play.google.com/store/apps/details?id=com.netgear.netgearup&hl=en
Link is:*********** https://itunes.apple.com/us/app/netgear-up/id1124666597?mt=8
Link is:*********** https://www.downloads.netgear.com/files/GDC/DGN2200V3/ReadyShareConnect.exe
The link is*********** :https://stagesupport.netgear.com/support/product/rax15/
The elements text size under current version of above link********** : 3
Total links are 4
Link is:*********** https://www.downloads.netgear.com/files/GDC/RAX15/RAX15-V1.0.11.112.zip
Link is:*********** https://kb.netgear.com/000064906
Link is:*********** https://play.google.com/store/apps/details?id=com.netgear.netgearup&hl=en
Link is:*********** https://itunes.apple.com/us/app/netgear-up/id1124666597?mt=8
The link is*********** :https://stagesupport.netgear.com/support/product/rax20/
The elements text size under current version of above link********** : 4
Total links are 6
Link is:*********** https://www.downloads.netgear.com/files/GDC/RAX20/RAX20-V1.0.11.112.zip
Link is:*********** https://kb.netgear.com/000064923
Link is:*********** https://www.downloads.netgear.com/files/GDC/RAX20/RAX20-V1.0.9.108_2.0.71.zip
Link is:*********** https://kb.netgear.com/000064662
Link is:*********** https://play.google.com/store/apps/details?id=com.netgear.netgearup&hl=en
Link is:*********** https://itunes.apple.com/us/app/netgear-up/id1124666597?mt=8
The link is*********** :https://stagesupport.netgear.com/support/product/rax200/
The elements text size under current version of above link********** : 4
Total links are 5
Link is:*********** https://www.downloads.netgear.com/files/GDC/RAX200/RAX200-V1.0.10.140.zip
Link is:*********** https://kb.netgear.com/000065069
Link is:*********** https://play.google.com/store/apps/details?id=com.netgear.netgearup&hl=en
Link is:*********** https://itunes.apple.com/us/app/netgear-up/id1124666597?mt=8
Link is:*********** https://www.downloads.netgear.com/files/GDC/DGN2200V3/ReadyShareConnect.exe
The link is*********** :https://stagesupport.netgear.com/support/product/rax28/
The elements text size under current version of above link********** : 3
Total links are 4
Link is:*********** https://www.downloads.netgear.com/files/GDC/RAX28/RAX28-V1.0.13.102.zip
Link is:*********** https://kb.netgear.com/000066035
Link is:*********** https://play.google.com/store/apps/details?id=com.netgear.netgearup&hl=en
Link is:*********** https://itunes.apple.com/us/app/netgear-up/id1124666597?mt=8
The link is*********** :https://stagesupport.netgear.com/support/product/rax29/
The elements text size under current version of above link********** : 3
Total links are 4
Link is:*********** https://www.downloads.netgear.com/files/GDC/RAX29/RAX29-V1.0.13.102.zip
Link is:*********** https://kb.netgear.com/000066034
Link is:*********** https://play.google.com/store/apps/details?id=com.netgear.netgearup&hl=en
Link is:*********** https://itunes.apple.com/us/app/netgear-up/id1124666597?mt=8
The link is*********** :https://stagesupport.netgear.com/support/product/rax30/
The elements text size under current version of above link********** : 3
Total links are 4
Link is:*********** https://www.downloads.netgear.com/files/GDC/RAX30/RAX30-V1.0.13.102.zip
Link is:*********** https://kb.netgear.com/000066033
Link is:*********** https://play.google.com/store/apps/details?id=com.netgear.netgearup&hl=en
Link is:*********** https://itunes.apple.com/us/app/netgear-up/id1124666597?mt=8
The link is*********** :https://stagesupport.netgear.com/support/product/rax35/
The elements text size under current version of above link********** : 3
Total links are 4
Link is:*********** https://www.downloads.netgear.com/files/GDC/RAX35/RAX35-V1.0.6.106_1.0.1.zip
Link is:*********** https://kb.netgear.com/000066103
Link is:*********** https://play.google.com/store/apps/details?id=com.netgear.netgearup&hl=en
Link is:*********** https://itunes.apple.com/us/app/netgear-up/id1124666597?mt=8
The link is*********** :https://stagesupport.netgear.com/support/product/rax35v2/
The elements text size under current version of above link********** : 4
Total links are 6
Link is:*********** https://www.downloads.netgear.com/files/GDC/RAX35v2/RAX35v2-V1.0.15.128_hotfix.zip
Link is:*********** https://kb.netgear.com/000065683
Link is:*********** https://www.downloads.netgear.com/files/GDC/RAX35v2/RAX35v2-V1.0.12.120.zip
Link is:*********** https://kb.netgear.com/000065470
Link is:*********** https://play.google.com/store/apps/details?id=com.netgear.netgearup&hl=en
Link is:*********** https://itunes.apple.com/us/app/netgear-up/id1124666597?mt=8
The link is*********** :https://stagesupport.netgear.com/support/product/rax36/
The elements text size under current version of above link********** : 3
Total links are 4
Link is:*********** https://www.downloads.netgear.com/files/GDC/RAX36/RAX36-V1.0.4.46.zip
Link is:*********** https://kb.netgear.com/000066400
Link is:*********** https://play.google.com/store/apps/details?id=com.netgear.netgearup&hl=en
Link is:*********** https://itunes.apple.com/us/app/netgear-up/id1124666597?mt=8
The link is*********** :https://stagesupport.netgear.com/support/product/rax36s/
The elements text size under current version of above link********** : 3
Total links are 4
Link is:*********** https://www.downloads.netgear.com/files/GDC/RAX36S/RAX36S_V1.0.4.46.zip
Link is:*********** https://kb.netgear.com/000066447
Link is:*********** https://play.google.com/store/apps/details?id=com.netgear.netgearup&hl=en
Link is:*********** https://itunes.apple.com/us/app/netgear-up/id1124666597?mt=8
The link is*********** :https://stagesupport.netgear.com/support/product/rax38/
The elements text size under current version of above link********** : 4
Total links are 5
Link is:*********** https://www.downloads.netgear.com/files/GDC/RAX38/RAX38-V1.0.6.106_1.0.1.zip
Link is:*********** https://kb.netgear.com/000066104
Link is:*********** https://play.google.com/store/apps/details?id=com.netgear.netgearup&hl=en
Link is:*********** https://itunes.apple.com/us/app/netgear-up/id1124666597?mt=8
Link is:*********** https://www.downloads.netgear.com/files/GDC/DGN2200V3/ReadyShareConnect.exe
The link is*********** :https://stagesupport.netgear.com/support/product/rax38v2/
The elements text size under current version of above link********** : 4
Total links are 5
Link is:*********** https://www.downloads.netgear.com/files/GDC/RAX38v2/RAX38v2-V1.0.16.132.zip
Link is:*********** https://kb.netgear.com/000065931
Link is:*********** https://play.google.com/store/apps/details?id=com.netgear.netgearup&hl=en
Link is:*********** https://itunes.apple.com/us/app/netgear-up/id1124666597?mt=8
Link is:*********** https://www.downloads.netgear.com/files/GDC/DGN2200V3/ReadyShareConnect.exe
The link is*********** :https://stagesupport.netgear.com/support/product/rax40/
The elements text size under current version of above link********** : 4
Total links are 5
Link is:*********** https://www.downloads.netgear.com/files/GDC/RAX40/RAX40-V1.0.6.106_1.0.1.zip
Link is:*********** https://kb.netgear.com/000066105
Link is:*********** https://play.google.com/store/apps/details?id=com.netgear.netgearup&hl=en
Link is:*********** https://itunes.apple.com/us/app/netgear-up/id1124666597?mt=8
Link is:*********** https://www.downloads.netgear.com/files/GDC/DGN2200V3/ReadyShareConnect.exe
The link is*********** :https://stagesupport.netgear.com/support/product/rax40v2/
The elements text size under current version of above link********** : 6
Total links are 9
Link is:*********** https://www.downloads.netgear.com/files/GDC/RAX40v2/RAX40v2-V1.0.15.128_hotfix.zip
Link is:*********** https://kb.netgear.com/000065685
Link is:*********** https://www.downloads.netgear.com/files/GDC/RAX40v2/RAX40v2-V1.0.12.120.zip
Link is:*********** https://kb.netgear.com/000065469
Link is:*********** https://www.downloads.netgear.com/files/GDC/RAX40v2/RAX40v2-V1.0.9.108_2.0.74.zip
Link is:*********** https://kb.netgear.com/000064667
Link is:*********** https://play.google.com/store/apps/details?id=com.netgear.netgearup&hl=en
Link is:*********** https://itunes.apple.com/us/app/netgear-up/id1124666597?mt=8
Link is:*********** https://www.downloads.netgear.com/files/GDC/DGN2200V3/ReadyShareConnect.exe
The link is*********** :https://stagesupport.netgear.com/support/product/rax41/
The elements text size under current version of above link********** : 3
Total links are 4
Link is:*********** https://www.downloads.netgear.com/files/GDC/RAX41/RAX41-V1.0.16.132.zip
Link is:*********** https://kb.netgear.com/000065934
Link is:*********** https://play.google.com/store/apps/details?id=com.netgear.netgearup&hl=en
Link is:*********** https://itunes.apple.com/us/app/netgear-up/id1124666597?mt=8
The link is*********** :https://stagesupport.netgear.com/support/product/rax41v2/
The elements text size under current version of above link********** : 3
Total links are 4
Link is:*********** https://www.downloads.netgear.com/files/GDC/RAX41/RAX41v2-V1.1.3.18.zip
Link is:*********** https://kb.netgear.com/000065445
Link is:*********** https://play.google.com/store/apps/details?id=com.netgear.netgearup&hl=en
Link is:*********** https://itunes.apple.com/us/app/netgear-up/id1124666597?mt=8
The link is*********** :https://stagesupport.netgear.com/support/product/rax42/
The elements text size under current version of above link********** : 3
Total links are 4
Link is:*********** https://www.downloads.netgear.com/files/GDC/RAX42/RAX42-V1.0.16.132.zip
Link is:*********** https://kb.netgear.com/000065935
Link is:*********** https://play.google.com/store/apps/details?id=com.netgear.netgearup&hl=en
Link is:*********** https://itunes.apple.com/us/app/netgear-up/id1124666597?mt=8
The link is*********** :https://stagesupport.netgear.com/support/product/rax42v2/
The elements text size under current version of above link********** : 3
Total links are 4
Link is:*********** https://www.downloads.netgear.com/files/GDC/RAX42/RAX42v2-V1.1.3.18.zip
Link is:*********** https://kb.netgear.com/000065446
Link is:*********** https://play.google.com/store/apps/details?id=com.netgear.netgearup&hl=en
Link is:*********** https://itunes.apple.com/us/app/netgear-up/id1124666597?mt=8
The link is*********** :https://stagesupport.netgear.com/support/product/rax43/
The elements text size under current version of above link********** : 3
Total links are 4
Link is:*********** https://www.downloads.netgear.com/files/GDC/RAX43/RAX43-V1.0.16.132.zip
Link is:*********** https://kb.netgear.com/000065936
Link is:*********** https://play.google.com/store/apps/details?id=com.netgear.netgearup&hl=en
Link is:*********** https://itunes.apple.com/us/app/netgear-up/id1124666597?mt=8
The link is*********** :https://stagesupport.netgear.com/support/product/rax43v2/
The elements text size under current version of above link********** : 3
Total links are 4
Link is:*********** https://www.downloads.netgear.com/files/GDC/RAX43/RAX43v2-V1.1.3.18.zip
Link is:*********** https://kb.netgear.com/000065447
Link is:*********** https://play.google.com/store/apps/details?id=com.netgear.netgearup&hl=en
Link is:*********** https://itunes.apple.com/us/app/netgear-up/id1124666597?mt=8
The link is*********** :https://stagesupport.netgear.com/support/product/rax45/
The elements text size under current version of above link********** : 4
Total links are 5
Link is:*********** https://www.downloads.netgear.com/files/GDC/RAX45/RAX45-V1.0.16.132.zip
Link is:*********** https://kb.netgear.com/000065930
Link is:*********** https://play.google.com/store/apps/details?id=com.netgear.netgearup&hl=en
Link is:*********** https://itunes.apple.com/us/app/netgear-up/id1124666597?mt=8
Link is:*********** https://www.downloads.netgear.com/files/GDC/DGN2200V3/ReadyShareConnect.exe
The link is*********** :https://stagesupport.netgear.com/support/product/rax48/
The elements text size under current version of above link********** : 4
Total links are 6
Link is:*********** https://www.downloads.netgear.com/files/GDC/RAX48/RAX48-V1.0.15.128_hotfix.zip
Link is:*********** https://kb.netgear.com/000065680
Link is:*********** https://www.downloads.netgear.com/files/GDC/RAX48/RAX48-V1.0.12.120.zip
Link is:*********** https://kb.netgear.com/000064912
Link is:*********** https://play.google.com/store/apps/details?id=com.netgear.netgearup&hl=en
Link is:*********** https://itunes.apple.com/us/app/netgear-up/id1124666597?mt=8
The link is*********** :https://stagesupport.netgear.com/support/product/rax49s/
The elements text size under current version of above link********** : 3
Total links are 4
Link is:*********** https://www.downloads.netgear.com/files/GDC/RAX49S/RAX49-V1.1.3.18.zip
Link is:*********** https://kb.netgear.com/000065240
Link is:*********** https://play.google.com/store/apps/details?id=com.netgear.netgearup&hl=en
Link is:*********** https://itunes.apple.com/us/app/netgear-up/id1124666597?mt=8
The link is*********** :https://stagesupport.netgear.com/support/product/rax5/
The elements text size under current version of above link********** : 3
Total links are 4
Link is:*********** https://www.downloads.netgear.com/files/GDC/RAX5/RAX5_V1.0.9.44_1.zip
Link is:*********** https://kb.netgear.com/000066575
Link is:*********** https://play.google.com/store/apps/details?id=com.netgear.netgearup&hl=en
Link is:*********** https://itunes.apple.com/us/app/netgear-up/id1124666597?mt=8
The link is*********** :https://stagesupport.netgear.com/support/product/rax50/
The elements text size under current version of above link********** : 3
Total links are 4
Link is:*********** https://www.downloads.netgear.com/files/GDC/RAX50/RAX50-V1.0.16.132.zip
Link is:*********** http://kb.netgear.com/000066266
Link is:*********** https://play.google.com/store/apps/details?id=com.netgear.netgearup&hl=en
Link is:*********** https://itunes.apple.com/us/app/netgear-up/id1124666597?mt=8
The link is*********** :https://stagesupport.netgear.com/support/product/rax50s/
The elements text size under current version of above link********** : 3
Total links are 4
Link is:*********** https://www.downloads.netgear.com/files/GDC/RAX50/RAX50-V1.0.16.132.zip
Link is:*********** http://kb.netgear.com/000066266
Link is:*********** https://play.google.com/store/apps/details?id=com.netgear.netgearup&hl=en
Link is:*********** https://itunes.apple.com/us/app/netgear-up/id1124666597?mt=8
The link is*********** :https://stagesupport.netgear.com/support/product/rax50v2/
The elements text size under current version of above link********** : 3
Total links are 4
Link is:*********** https://www.downloads.netgear.com/files/GDC/RAX50/RAX50v2-V1.1.4.28.zip
Link is:*********** http://kb.netgear.com/000065883
Link is:*********** https://play.google.com/store/apps/details?id=com.netgear.netgearup&hl=en
Link is:*********** https://itunes.apple.com/us/app/netgear-up/id1124666597?mt=8
The link is*********** :https://stagesupport.netgear.com/support/product/rax54s/
The elements text size under current version of above link********** : 3
Total links are 4
Link is:*********** https://www.downloads.netgear.com/files/GDC/RAX54S/RAX54S-V1.0.16.132.zip
Link is:*********** https://kb.netgear.com/000065938
Link is:*********** https://play.google.com/store/apps/details?id=com.netgear.netgearup&hl=en
Link is:*********** https://itunes.apple.com/us/app/netgear-up/id1124666597?mt=8
The link is*********** :https://stagesupport.netgear.com/support/product/rax54sv2/
The elements text size under current version of above link********** : 3
Total links are 4
Link is:*********** https://www.downloads.netgear.com/files/GDC/RAX54S/RAX54Sv2-V1.1.4.28.zip
Link is:*********** https://kb.netgear.com/000066006
Link is:*********** https://play.google.com/store/apps/details?id=com.netgear.netgearup&hl=en
Link is:*********** https://itunes.apple.com/us/app/netgear-up/id1124666597?mt=8
The link is*********** :https://stagesupport.netgear.com/support/product/rax60/
The elements text size under current version of above link********** : 2
Total links are 2
Link is:*********** https://play.google.com/store/apps/details?id=com.netgear.netgearup&hl=en
Link is:*********** https://itunes.apple.com/us/app/netgear-up/id1124666597?mt=8
The link is*********** :https://stagesupport.netgear.com/support/product/rax70/
The elements text size under current version of above link********** : 3
Total links are 4
Link is:*********** https://www.downloads.netgear.com/files/GDC/RAX70/RAX70-V1.0.15.146.zip
Link is:*********** https://kb.netgear.com/000065869
Link is:*********** https://play.google.com/store/apps/details?id=com.netgear.netgearup&hl=en
Link is:*********** https://itunes.apple.com/us/app/netgear-up/id1124666597?mt=8
The link is*********** :https://stagesupport.netgear.com/support/product/rax75/
The elements text size under current version of above link********** : 4
Total links are 5
Link is:*********** https://www.downloads.netgear.com/files/GDC/RAX75/RAX75-V1.0.10.140.zip
Link is:*********** https://kb.netgear.com/000065067
Link is:*********** https://play.google.com/store/apps/details?id=com.netgear.netgearup&hl=en
Link is:*********** https://itunes.apple.com/us/app/netgear-up/id1124666597?mt=8
Link is:*********** https://www.downloads.netgear.com/files/GDC/DGN2200V3/ReadyShareConnect.exe
The link is*********** :https://stagesupport.netgear.com/support/product/rax78/
The elements text size under current version of above link********** : 3
Total links are 4
Link is:*********** https://www.downloads.netgear.com/files/GDC/RAX78/RAX78-V1.0.15.146.zip
Link is:*********** https://kb.netgear.com/000065870
Link is:*********** https://itunes.apple.com/us/app/netgear-up/id1124666597?mt=8
Link is:*********** https://play.google.com/store/apps/details?id=com.netgear.netgearup&hl=en
The link is*********** :https://stagesupport.netgear.com/support/product/rax80/
The elements text size under current version of above link********** : 4
Total links are 5
Link is:*********** https://www.downloads.netgear.com/files/GDC/RAX80/RAX80-V1.0.10.140.zip
Link is:*********** https://kb.netgear.com/000065068
Link is:*********** https://play.google.com/store/apps/details?id=com.netgear.netgearup&hl=en
Link is:*********** https://itunes.apple.com/us/app/netgear-up/id1124666597?mt=8
Link is:*********** https://www.downloads.netgear.com/files/GDC/DGN2200V3/ReadyShareConnect.exe
The link is*********** :https://stagesupport.netgear.com/support/product/rax9/
The elements text size under current version of above link********** : 3
Total links are 4
Link is:*********** https://www.downloads.netgear.com/files/GDC/RAX5/RAX5_V1.0.9.44_1.zip
Link is:*********** https://kb.netgear.com/000066575
Link is:*********** https://play.google.com/store/apps/details?id=com.netgear.netgearup&hl=en
Link is:*********** https://itunes.apple.com/us/app/netgear-up/id1124666597?mt=8
The link is*********** :https://stagesupport.netgear.com/support/product/be17000/
The elements text size under current version of above link********** : 3
Total links are 4
Link is:*********** https://www.downloads.netgear.com/files/GDC/BE17000/BE17000-V1.0.1.74.zip
Link is:*********** https://kb.netgear.com/000066601
Link is:*********** https://play.google.com/store/apps/details?id=com.netgear.netgearup&hl=en
Link is:*********** https://itunes.apple.com/us/app/netgear-up/id1124666597?mt=8
The link is*********** :https://stagesupport.netgear.com/support/product/be9300/
The elements text size under current version of above link********** : 3
Total links are 4
Link is:*********** https://www.downloads.netgear.com/files/GDC/BE9300/BE9300-V1.0.1.74.zip
Link is:*********** https://kb.netgear.com/000066585
Link is:*********** https://play.google.com/store/apps/details?id=com.netgear.netgearup&hl=en
Link is:*********** https://itunes.apple.com/us/app/netgear-up/id1124666597?mt=8
The link is*********** :https://stagesupport.netgear.com/support/product/rs100/
The elements text size under current version of above link********** : 3
Total links are 4
Link is:*********** https://www.downloads.netgear.com/files/GDC/RS100/RS100_V1.0.1.80.zip
Link is:*********** https://kb.netgear.com/000066618
Link is:*********** https://play.google.com/store/apps/details?id=com.netgear.netgearup&hl=en
Link is:*********** https://itunes.apple.com/us/app/netgear-up/id1124666597?mt=8
The link is*********** :https://stagesupport.netgear.com/support/product/rs130/
The elements text size under current version of above link********** : 2
Total links are 2
Link is:*********** https://play.google.com/store/apps/details?id=com.netgear.netgearup&hl=en
Link is:*********** https://itunes.apple.com/us/app/netgear-up/id1124666597?mt=8
The link is*********** :https://stagesupport.netgear.com/support/product/rs140/
The elements text size under current version of above link********** : 2
Total links are 2
Link is:*********** https://play.google.com/store/apps/details?id=com.netgear.netgearup&hl=en
Link is:*********** https://itunes.apple.com/us/app/netgear-up/id1124666597?mt=8
The link is*********** :https://stagesupport.netgear.com/support/product/rs150/
The elements text size under current version of above link********** : 3
Total links are 4
Link is:*********** https://www.downloads.netgear.com/files/GDC/RS150/RS150-V1.0.1.74.zip
Link is:*********** https://kb.netgear.com/000066568
Link is:*********** https://play.google.com/store/apps/details?id=com.netgear.netgearup&hl=en
Link is:*********** https://itunes.apple.com/us/app/netgear-up/id1124666597?mt=8
The link is*********** :https://stagesupport.netgear.com/support/product/rs150v2/
The elements text size under current version of above link********** : 3
Total links are 4
Link is:*********** https://www.downloads.netgear.com/files/GDC/RS150v2/RS150v2-V1.0.1.74.zip
Link is:*********** https://kb.netgear.com/000066612
Link is:*********** https://play.google.com/store/apps/details?id=com.netgear.netgearup&hl=en
Link is:*********** https://itunes.apple.com/us/app/netgear-up/id1124666597?mt=8
The link is*********** :https://stagesupport.netgear.com/support/product/rs180/
The elements text size under current version of above link********** : 2
Total links are 2
Link is:*********** https://play.google.com/store/apps/details?id=com.netgear.netgearup&hl=en
Link is:*********** https://itunes.apple.com/us/app/netgear-up/id1124666597?mt=8
The link is*********** :https://stagesupport.netgear.com/support/product/rs200/
The elements text size under current version of above link********** : 3
Total links are 4
Link is:*********** https://www.downloads.netgear.com/files/GDC/RS200/RS200-V1.0.1.74.zip
Link is:*********** https://kb.netgear.com/000066567
Link is:*********** https://play.google.com/store/apps/details?id=com.netgear.netgearup&hl=en
Link is:*********** https://itunes.apple.com/us/app/netgear-up/id1124666597?mt=8
The link is*********** :https://stagesupport.netgear.com/support/product/rs280/
The elements text size under current version of above link********** : 3
Total links are 4
Link is:*********** https://www.downloads.netgear.com/files/GDC/RS280S/RS280S-V1.0.1.74.zip
Link is:*********** https://kb.netgear.com/000066584
Link is:*********** https://play.google.com/store/apps/details?id=com.netgear.netgearup&hl=en
Link is:*********** https://itunes.apple.com/us/app/netgear-up/id1124666597?mt=8
The link is*********** :https://stagesupport.netgear.com/support/product/rs280s/
The elements text size under current version of above link********** : 3
Total links are 4
Link is:*********** https://www.downloads.netgear.com/files/GDC/RS280S/RS280S-V1.0.1.74.zip
Link is:*********** https://kb.netgear.com/000066584
Link is:*********** https://play.google.com/store/apps/details?id=com.netgear.netgearup&hl=en
Link is:*********** https://itunes.apple.com/us/app/netgear-up/id1124666597?mt=8
The link is*********** :https://stagesupport.netgear.com/support/product/rs300/
The elements text size under current version of above link********** : 3
Total links are 4
Link is:*********** https://www.downloads.netgear.com/files/GDC/RS300/RS300-V1.0.1.74.zip
Link is:*********** https://kb.netgear.com/000066583
Link is:*********** https://play.google.com/store/apps/details?id=com.netgear.netgearup&hl=en
Link is:*********** https://itunes.apple.com/us/app/netgear-up/id1124666597?mt=8
The link is*********** :https://stagesupport.netgear.com/support/product/rs500/
The elements text size under current version of above link********** : 3
Total links are 4
Link is:*********** https://www.downloads.netgear.com/files/GDC/RS500/RS500-V1.0.1.74.zip
Link is:*********** https://kb.netgear.com/000066566
Link is:*********** https://play.google.com/store/apps/details?id=com.netgear.netgearup&hl=en
Link is:*********** https://itunes.apple.com/us/app/netgear-up/id1124666597?mt=8
The link is*********** :https://stagesupport.netgear.com/support/product/rs600/
The elements text size under current version of above link********** : 3
Total links are 4
Link is:*********** https://www.downloads.netgear.com/files/GDC/RS600/RS600-V1.0.1.74.zip
Link is:*********** https://kb.netgear.com/000066528
Link is:*********** https://play.google.com/store/apps/details?id=com.netgear.netgearup&hl=en
Link is:*********** https://itunes.apple.com/us/app/netgear-up/id1124666597?mt=8
The link is*********** :https://stagesupport.netgear.com/support/product/rs70/
The elements text size under current version of above link********** : 3
Total links are 4
Link is:*********** https://www.downloads.netgear.com/files/GDC/RS70/RS70-V1.0.1.80.zip
Link is:*********** https://kb.netgear.com/000066616
Link is:*********** https://play.google.com/store/apps/details?id=com.netgear.netgearup&hl=en
Link is:*********** https://itunes.apple.com/us/app/netgear-up/id1124666597?mt=8
The link is*********** :https://stagesupport.netgear.com/support/product/rs700/
The elements text size under current version of above link********** : 3
Total links are 4
Link is:*********** https://www.downloads.netgear.com/files/GDC/RS700S/RS700S-V1.0.7.96.zip
Link is:*********** https://kb.netgear.com/000066519/
Link is:*********** https://play.google.com/store/apps/details?id=com.netgear.netgearup&hl=en
Link is:*********** https://itunes.apple.com/us/app/netgear-up/id1124666597?mt=8
The link is*********** :https://stagesupport.netgear.com/support/product/rs700s/
The elements text size under current version of above link********** : 3
Total links are 4
Link is:*********** https://www.downloads.netgear.com/files/GDC/RS700S/RS700S-V1.0.7.96.zip
Link is:*********** https://kb.netgear.com/000066519/
Link is:*********** https://play.google.com/store/apps/details?id=com.netgear.netgearup&hl=en
Link is:*********** https://itunes.apple.com/us/app/netgear-up/id1124666597?mt=8
The link is*********** :https://stagesupport.netgear.com/support/product/rs90/
The elements text size under current version of above link********** : 3
Total links are 4
Link is:*********** https://www.downloads.netgear.com/files/GDC/RS90/RS90_V1.0.1.80.zip
Link is:*********** https://kb.netgear.com/000066617
Link is:*********** https://play.google.com/store/apps/details?id=com.netgear.netgearup&hl=en
Link is:*********** https://itunes.apple.com/us/app/netgear-up/id1124666597?mt=8
The link is*********** :https://stagesupport.netgear.com/support/product/raxe290/
The elements text size under current version of above link********** : 3
Total links are 4
Link is:*********** https://www.downloads.netgear.com/files/GDC/RAXE290/RAXE290-V1.0.8.64_3.zip
Link is:*********** https://kb.netgear.com/000065585
Link is:*********** https://play.google.com/store/apps/details?id=com.netgear.netgearup&hl=en
Link is:*********** https://itunes.apple.com/us/app/netgear-up/id1124666597?mt=8
The link is*********** :https://stagesupport.netgear.com/support/product/raxe300/
The elements text size under current version of above link********** : 3
Total links are 4
Link is:*********** https://www.downloads.netgear.com/files/GDC/RAXE300/RAXE300-V1.0.8.64_3.zip
Link is:*********** https://kb.netgear.com/000065584
Link is:*********** https://play.google.com/store/apps/details?id=com.netgear.netgearup&hl=en
Link is:*********** https://itunes.apple.com/us/app/netgear-up/id1124666597?mt=8
The link is*********** :https://stagesupport.netgear.com/support/product/raxe450/
The elements text size under current version of above link********** : 3
Total links are 4
Link is:*********** https://www.downloads.netgear.com/files/GDC/RAXE450/RAXE450-V1.0.12.96.zip
Link is:*********** https://kb.netgear.com/000065501
Link is:*********** https://play.google.com/store/apps/details?id=com.netgear.netgearup&hl=en
Link is:*********** https://itunes.apple.com/us/app/netgear-up/id1124666597?mt=8
The link is*********** :https://stagesupport.netgear.com/support/product/raxe500/
The elements text size under current version of above link********** : 3
Total links are 4
Link is:*********** https://www.downloads.netgear.com/files/GDC/RAXE500/RAXE500-V1.2.13.100_2.0.54.zip
Link is:*********** https://kb.netgear.com/000065905
Link is:*********** https://play.google.com/store/apps/details?id=com.netgear.netgearup&hl=en
Link is:*********** https://itunes.apple.com/us/app/netgear-up/id1124666597?mt=8
The link is*********** :https://stagesupport.netgear.com/support/product/lax20/
The elements text size under current version of above link********** : 3
Total links are 4
Link is:*********** https://www.downloads.netgear.com/files/GDC/LAX20/LAX20-V1.1.6.34_2.0.52.zip
Link is:*********** https://kb.netgear.com/000064655
Link is:*********** https://play.google.com/store/apps/details?id=com.netgear.netgearup&hl=en
Link is:*********** https://itunes.apple.com/us/app/netgear-up/id1124666597?mt=8
The link is*********** :https://stagesupport.netgear.com/support/product/r6700ax/
The elements text size under current version of above link********** : 3
Total links are 4
Link is:*********** https://www.downloads.netgear.com/files/GDC/R6700AX/R6700AX-V1.0.18.164.zip
Link is:*********** https://kb.netgear.com/000066596
Link is:*********** https://play.google.com/store/apps/details?id=com.netgear.netgearup&hl=en
Link is:*********** https://itunes.apple.com/us/app/netgear-up/id1124666597?mt=8
The link is*********** :https://stagesupport.netgear.com/support/product/r6700axs/
The elements text size under current version of above link********** : 3
Total links are 4
Link is:*********** https://www.downloads.netgear.com/files/GDC/R6700AX/R6700AX-V1.0.15.146.zip
Link is:*********** https://kb.netgear.com/000065879
Link is:*********** https://play.google.com/store/apps/details?id=com.netgear.netgearup&hl=en
Link is:*********** https://itunes.apple.com/us/app/netgear-up/id1124666597?mt=8
The link is*********** :https://stagesupport.netgear.com/support/product/r6700axv3/
The elements text size under current version of above link********** : 3
Total links are 4
Link is:*********** https://www.downloads.netgear.com/files/GDC/R6700AXv3/R6700AXv3_V1.0.9.44_1.zip
Link is:*********** https://kb.netgear.com/000066613
Link is:*********** https://play.google.com/store/apps/details?id=com.netgear.netgearup&hl=en
Link is:*********** https://itunes.apple.com/us/app/netgear-up/id1124666597?mt=8
The link is*********** :https://stagesupport.netgear.com/support/product/rax10/
The elements text size under current version of above link********** : 3
Total links are 4
Link is:*********** https://www.downloads.netgear.com/files/GDC/RAX10/RAX10-V1.0.18.164.zip
Link is:*********** https://kb.netgear.com/000066595
Link is:*********** https://play.google.com/store/apps/details?id=com.netgear.netgearup&hl=en
Link is:*********** https://itunes.apple.com/us/app/netgear-up/id1124666597?mt=8
The link is*********** :https://stagesupport.netgear.com/support/product/rax10v2/
The elements text size under current version of above link********** : 2
Total links are 2
Link is:*********** https://play.google.com/store/apps/details?id=com.netgear.netgearup&hl=en
Link is:*********** https://itunes.apple.com/us/app/netgear-up/id1124666597?mt=8
The link is*********** :https://stagesupport.netgear.com/support/product/rax120/
The elements text size under current version of above link********** : 4
Total links are 5
Link is:*********** https://www.downloads.netgear.com/files/GDC/RAX120/RAX120v2v1-V1.2.9.52.zip
Link is:*********** https://kb.netgear.com/000065822
Link is:*********** https://play.google.com/store/apps/details?id=com.netgear.netgearup&hl=en
Link is:*********** https://itunes.apple.com/us/app/netgear-up/id1124666597?mt=8
Link is:*********** https://www.downloads.netgear.com/files/GDC/DGN2200V3/ReadyShareConnect.exe
The link is*********** :https://stagesupport.netgear.com/support/product/rax120v2/
The elements text size under current version of above link********** : 4
Total links are 5
Link is:*********** https://www.downloads.netgear.com/files/GDC/RAX120/RAX120v2v1-V1.2.9.52.zip
Link is:*********** https://kb.netgear.com/000065822
Link is:*********** https://play.google.com/store/apps/details?id=com.netgear.netgearup&hl=en
Link is:*********** https://itunes.apple.com/us/app/netgear-up/id1124666597?mt=8
Link is:*********** https://www.downloads.netgear.com/files/GDC/DGN2200V3/ReadyShareConnect.exe
The link is*********** :https://stagesupport.netgear.com/support/product/rax15/
The elements text size under current version of above link********** : 3
Total links are 4
Link is:*********** https://www.downloads.netgear.com/files/GDC/RAX15/RAX15-V1.0.11.112.zip
Link is:*********** https://kb.netgear.com/000064906
Link is:*********** https://play.google.com/store/apps/details?id=com.netgear.netgearup&hl=en
Link is:*********** https://itunes.apple.com/us/app/netgear-up/id1124666597?mt=8
The link is*********** :https://stagesupport.netgear.com/support/product/rax20/
The elements text size under current version of above link********** : 4
Total links are 6
Link is:*********** https://www.downloads.netgear.com/files/GDC/RAX20/RAX20-V1.0.11.112.zip
Link is:*********** https://kb.netgear.com/000064923
Link is:*********** https://www.downloads.netgear.com/files/GDC/RAX20/RAX20-V1.0.9.108_2.0.71.zip
Link is:*********** https://kb.netgear.com/000064662
Link is:*********** https://play.google.com/store/apps/details?id=com.netgear.netgearup&hl=en
Link is:*********** https://itunes.apple.com/us/app/netgear-up/id1124666597?mt=8
The link is*********** :https://stagesupport.netgear.com/support/product/rax200/
The elements text size under current version of above link********** : 4
Total links are 5
Link is:*********** https://www.downloads.netgear.com/files/GDC/RAX200/RAX200-V1.0.10.140.zip
Link is:*********** https://kb.netgear.com/000065069
Link is:*********** https://play.google.com/store/apps/details?id=com.netgear.netgearup&hl=en
Link is:*********** https://itunes.apple.com/us/app/netgear-up/id1124666597?mt=8
Link is:*********** https://www.downloads.netgear.com/files/GDC/DGN2200V3/ReadyShareConnect.exe
The link is*********** :https://stagesupport.netgear.com/support/product/rax28/
The elements text size under current version of above link********** : 3
Total links are 4
Link is:*********** https://www.downloads.netgear.com/files/GDC/RAX28/RAX28-V1.0.13.102.zip
Link is:*********** https://kb.netgear.com/000066035
Link is:*********** https://play.google.com/store/apps/details?id=com.netgear.netgearup&hl=en
Link is:*********** https://itunes.apple.com/us/app/netgear-up/id1124666597?mt=8
The link is*********** :https://stagesupport.netgear.com/support/product/rax29/
The elements text size under current version of above link********** : 3
Total links are 4
Link is:*********** https://www.downloads.netgear.com/files/GDC/RAX29/RAX29-V1.0.13.102.zip
Link is:*********** https://kb.netgear.com/000066034
Link is:*********** https://play.google.com/store/apps/details?id=com.netgear.netgearup&hl=en
Link is:*********** https://itunes.apple.com/us/app/netgear-up/id1124666597?mt=8
The link is*********** :https://stagesupport.netgear.com/support/product/rax30/
The elements text size under current version of above link********** : 3
Total links are 4
Link is:*********** https://www.downloads.netgear.com/files/GDC/RAX30/RAX30-V1.0.13.102.zip
Link is:*********** https://kb.netgear.com/000066033
Link is:*********** https://play.google.com/store/apps/details?id=com.netgear.netgearup&hl=en
Link is:*********** https://itunes.apple.com/us/app/netgear-up/id1124666597?mt=8
The link is*********** :https://stagesupport.netgear.com/support/product/rax35/
The elements text size under current version of above link********** : 3
Total links are 4
Link is:*********** https://www.downloads.netgear.com/files/GDC/RAX35/RAX35-V1.0.6.106_1.0.1.zip
Link is:*********** https://kb.netgear.com/000066103
Link is:*********** https://play.google.com/store/apps/details?id=com.netgear.netgearup&hl=en
Link is:*********** https://itunes.apple.com/us/app/netgear-up/id1124666597?mt=8
The link is*********** :https://stagesupport.netgear.com/support/product/rax35v2/
The elements text size under current version of above link********** : 4
Total links are 6
Link is:*********** https://www.downloads.netgear.com/files/GDC/RAX35v2/RAX35v2-V1.0.15.128_hotfix.zip
Link is:*********** https://kb.netgear.com/000065683
Link is:*********** https://www.downloads.netgear.com/files/GDC/RAX35v2/RAX35v2-V1.0.12.120.zip
Link is:*********** https://kb.netgear.com/000065470
Link is:*********** https://play.google.com/store/apps/details?id=com.netgear.netgearup&hl=en
Link is:*********** https://itunes.apple.com/us/app/netgear-up/id1124666597?mt=8
The link is*********** :https://stagesupport.netgear.com/support/product/rax36/
The elements text size under current version of above link********** : 3
Total links are 4
Link is:*********** https://www.downloads.netgear.com/files/GDC/RAX36/RAX36-V1.0.4.46.zip
Link is:*********** https://kb.netgear.com/000066400
Link is:*********** https://play.google.com/store/apps/details?id=com.netgear.netgearup&hl=en
Link is:*********** https://itunes.apple.com/us/app/netgear-up/id1124666597?mt=8
The link is*********** :https://stagesupport.netgear.com/support/product/rax36s/
The elements text size under current version of above link********** : 3
Total links are 4
Link is:*********** https://www.downloads.netgear.com/files/GDC/RAX36S/RAX36S_V1.0.4.46.zip
Link is:*********** https://kb.netgear.com/000066447
Link is:*********** https://play.google.com/store/apps/details?id=com.netgear.netgearup&hl=en
Link is:*********** https://itunes.apple.com/us/app/netgear-up/id1124666597?mt=8
The link is*********** :https://stagesupport.netgear.com/support/product/rax38/
The elements text size under current version of above link********** : 4
Total links are 5
Link is:*********** https://www.downloads.netgear.com/files/GDC/RAX38/RAX38-V1.0.6.106_1.0.1.zip
Link is:*********** https://kb.netgear.com/000066104
Link is:*********** https://play.google.com/store/apps/details?id=com.netgear.netgearup&hl=en
Link is:*********** https://itunes.apple.com/us/app/netgear-up/id1124666597?mt=8
Link is:*********** https://www.downloads.netgear.com/files/GDC/DGN2200V3/ReadyShareConnect.exe
The link is*********** :https://stagesupport.netgear.com/support/product/rax38v2/
The elements text size under current version of above link********** : 4
Total links are 5
Link is:*********** https://www.downloads.netgear.com/files/GDC/RAX38v2/RAX38v2-V1.0.16.132.zip
Link is:*********** https://kb.netgear.com/000065931
Link is:*********** https://play.google.com/store/apps/details?id=com.netgear.netgearup&hl=en
Link is:*********** https://itunes.apple.com/us/app/netgear-up/id1124666597?mt=8
Link is:*********** https://www.downloads.netgear.com/files/GDC/DGN2200V3/ReadyShareConnect.exe
The link is*********** :https://stagesupport.netgear.com/support/product/rax40/
The elements text size under current version of above link********** : 4
Total links are 5
Link is:*********** https://www.downloads.netgear.com/files/GDC/RAX40/RAX40-V1.0.6.106_1.0.1.zip
Link is:*********** https://kb.netgear.com/000066105
Link is:*********** https://play.google.com/store/apps/details?id=com.netgear.netgearup&hl=en
Link is:*********** https://itunes.apple.com/us/app/netgear-up/id1124666597?mt=8
Link is:*********** https://www.downloads.netgear.com/files/GDC/DGN2200V3/ReadyShareConnect.exe
The link is*********** :https://stagesupport.netgear.com/support/product/rax40v2/
The elements text size under current version of above link********** : 6
Total links are 9
Link is:*********** https://www.downloads.netgear.com/files/GDC/RAX40v2/RAX40v2-V1.0.15.128_hotfix.zip
Link is:*********** https://kb.netgear.com/000065685
Link is:*********** https://www.downloads.netgear.com/files/GDC/RAX40v2/RAX40v2-V1.0.12.120.zip
Link is:*********** https://kb.netgear.com/000065469
Link is:*********** https://www.downloads.netgear.com/files/GDC/RAX40v2/RAX40v2-V1.0.9.108_2.0.74.zip
Link is:*********** https://kb.netgear.com/000064667
Link is:*********** https://play.google.com/store/apps/details?id=com.netgear.netgearup&hl=en
Link is:*********** https://itunes.apple.com/us/app/netgear-up/id1124666597?mt=8
Link is:*********** https://www.downloads.netgear.com/files/GDC/DGN2200V3/ReadyShareConnect.exe
The link is*********** :https://stagesupport.netgear.com/support/product/rax41/
The elements text size under current version of above link********** : 3
Total links are 4
Link is:*********** https://www.downloads.netgear.com/files/GDC/RAX41/RAX41-V1.0.16.132.zip
Link is:*********** https://kb.netgear.com/000065934
Link is:*********** https://play.google.com/store/apps/details?id=com.netgear.netgearup&hl=en
Link is:*********** https://itunes.apple.com/us/app/netgear-up/id1124666597?mt=8
The link is*********** :https://stagesupport.netgear.com/support/product/rax41v2/
The elements text size under current version of above link********** : 3
Total links are 4
Link is:*********** https://www.downloads.netgear.com/files/GDC/RAX41/RAX41v2-V1.1.3.18.zip
Link is:*********** https://kb.netgear.com/000065445
Link is:*********** https://play.google.com/store/apps/details?id=com.netgear.netgearup&hl=en
Link is:*********** https://itunes.apple.com/us/app/netgear-up/id1124666597?mt=8
The link is*********** :https://stagesupport.netgear.com/support/product/rax42/
The elements text size under current version of above link********** : 3
Total links are 4
Link is:*********** https://www.downloads.netgear.com/files/GDC/RAX42/RAX42-V1.0.16.132.zip
Link is:*********** https://kb.netgear.com/000065935
Link is:*********** https://play.google.com/store/apps/details?id=com.netgear.netgearup&hl=en
Link is:*********** https://itunes.apple.com/us/app/netgear-up/id1124666597?mt=8
The link is*********** :https://stagesupport.netgear.com/support/product/rax42v2/
The elements text size under current version of above link********** : 3
Total links are 4
Link is:*********** https://www.downloads.netgear.com/files/GDC/RAX42/RAX42v2-V1.1.3.18.zip
Link is:*********** https://kb.netgear.com/000065446
Link is:*********** https://play.google.com/store/apps/details?id=com.netgear.netgearup&hl=en
Link is:*********** https://itunes.apple.com/us/app/netgear-up/id1124666597?mt=8
The link is*********** :https://stagesupport.netgear.com/support/product/rax43/
The elements text size under current version of above link********** : 3
Total links are 4
Link is:*********** https://www.downloads.netgear.com/files/GDC/RAX43/RAX43-V1.0.16.132.zip
Link is:*********** https://kb.netgear.com/000065936
Link is:*********** https://play.google.com/store/apps/details?id=com.netgear.netgearup&hl=en
Link is:*********** https://itunes.apple.com/us/app/netgear-up/id1124666597?mt=8
The link is*********** :https://stagesupport.netgear.com/support/product/rax43v2/
The elements text size under current version of above link********** : 3
Total links are 4
Link is:*********** https://www.downloads.netgear.com/files/GDC/RAX43/RAX43v2-V1.1.3.18.zip
Link is:*********** https://kb.netgear.com/000065447
Link is:*********** https://play.google.com/store/apps/details?id=com.netgear.netgearup&hl=en
Link is:*********** https://itunes.apple.com/us/app/netgear-up/id1124666597?mt=8
The link is*********** :https://stagesupport.netgear.com/support/product/rax45/
The elements text size under current version of above link********** : 4
Total links are 5
Link is:*********** https://www.downloads.netgear.com/files/GDC/RAX45/RAX45-V1.0.16.132.zip
Link is:*********** https://kb.netgear.com/000065930
Link is:*********** https://play.google.com/store/apps/details?id=com.netgear.netgearup&hl=en
Link is:*********** https://itunes.apple.com/us/app/netgear-up/id1124666597?mt=8
Link is:*********** https://www.downloads.netgear.com/files/GDC/DGN2200V3/ReadyShareConnect.exe
The link is*********** :https://stagesupport.netgear.com/support/product/rax48/
The elements text size under current version of above link********** : 4
Total links are 6
Link is:*********** https://www.downloads.netgear.com/files/GDC/RAX48/RAX48-V1.0.15.128_hotfix.zip
Link is:*********** https://kb.netgear.com/000065680
Link is:*********** https://www.downloads.netgear.com/files/GDC/RAX48/RAX48-V1.0.12.120.zip
Link is:*********** https://kb.netgear.com/000064912
Link is:*********** https://play.google.com/store/apps/details?id=com.netgear.netgearup&hl=en
Link is:*********** https://itunes.apple.com/us/app/netgear-up/id1124666597?mt=8
The link is*********** :https://stagesupport.netgear.com/support/product/rax49s/
The elements text size under current version of above link********** : 3
Total links are 4
Link is:*********** https://www.downloads.netgear.com/files/GDC/RAX49S/RAX49-V1.1.3.18.zip
Link is:*********** https://kb.netgear.com/000065240
Link is:*********** https://play.google.com/store/apps/details?id=com.netgear.netgearup&hl=en
Link is:*********** https://itunes.apple.com/us/app/netgear-up/id1124666597?mt=8
The link is*********** :https://stagesupport.netgear.com/support/product/rax5/
The elements text size under current version of above link********** : 3
Total links are 4
Link is:*********** https://www.downloads.netgear.com/files/GDC/RAX5/RAX5_V1.0.9.44_1.zip
Link is:*********** https://kb.netgear.com/000066575
Link is:*********** https://play.google.com/store/apps/details?id=com.netgear.netgearup&hl=en
Link is:*********** https://itunes.apple.com/us/app/netgear-up/id1124666597?mt=8
The link is*********** :https://stagesupport.netgear.com/support/product/rax50/
The elements text size under current version of above link********** : 3
Total links are 4
Link is:*********** https://www.downloads.netgear.com/files/GDC/RAX50/RAX50-V1.0.16.132.zip
Link is:*********** http://kb.netgear.com/000066266
Link is:*********** https://play.google.com/store/apps/details?id=com.netgear.netgearup&hl=en
Link is:*********** https://itunes.apple.com/us/app/netgear-up/id1124666597?mt=8
The link is*********** :https://stagesupport.netgear.com/support/product/rax50s/
The elements text size under current version of above link********** : 3
Total links are 4
Link is:*********** https://www.downloads.netgear.com/files/GDC/RAX50/RAX50-V1.0.16.132.zip
Link is:*********** http://kb.netgear.com/000066266
Link is:*********** https://play.google.com/store/apps/details?id=com.netgear.netgearup&hl=en
Link is:*********** https://itunes.apple.com/us/app/netgear-up/id1124666597?mt=8
The link is*********** :https://stagesupport.netgear.com/support/product/rax50v2/
The elements text size under current version of above link********** : 3
Total links are 4
Link is:*********** https://www.downloads.netgear.com/files/GDC/RAX50/RAX50v2-V1.1.4.28.zip
Link is:*********** http://kb.netgear.com/000065883
Link is:*********** https://play.google.com/store/apps/details?id=com.netgear.netgearup&hl=en
Link is:*********** https://itunes.apple.com/us/app/netgear-up/id1124666597?mt=8
The link is*********** :https://stagesupport.netgear.com/support/product/rax54s/
The elements text size under current version of above link********** : 3
Total links are 4
Link is:*********** https://www.downloads.netgear.com/files/GDC/RAX54S/RAX54S-V1.0.16.132.zip
Link is:*********** https://kb.netgear.com/000065938
Link is:*********** https://play.google.com/store/apps/details?id=com.netgear.netgearup&hl=en
Link is:*********** https://itunes.apple.com/us/app/netgear-up/id1124666597?mt=8
The link is*********** :https://stagesupport.netgear.com/support/product/rax54sv2/
The elements text size under current version of above link********** : 3
Total links are 4
Link is:*********** https://www.downloads.netgear.com/files/GDC/RAX54S/RAX54Sv2-V1.1.4.28.zip
Link is:*********** https://kb.netgear.com/000066006
Link is:*********** https://play.google.com/store/apps/details?id=com.netgear.netgearup&hl=en
Link is:*********** https://itunes.apple.com/us/app/netgear-up/id1124666597?mt=8
The link is*********** :https://stagesupport.netgear.com/support/product/rax60/
The elements text size under current version of above link********** : 2
Total links are 2
Link is:*********** https://play.google.com/store/apps/details?id=com.netgear.netgearup&hl=en
Link is:*********** https://itunes.apple.com/us/app/netgear-up/id1124666597?mt=8
The link is*********** :https://stagesupport.netgear.com/support/product/rax70/
The elements text size under current version of above link********** : 3
Total links are 4
Link is:*********** https://www.downloads.netgear.com/files/GDC/RAX70/RAX70-V1.0.15.146.zip
Link is:*********** https://kb.netgear.com/000065869
Link is:*********** https://play.google.com/store/apps/details?id=com.netgear.netgearup&hl=en
Link is:*********** https://itunes.apple.com/us/app/netgear-up/id1124666597?mt=8
The link is*********** :https://stagesupport.netgear.com/support/product/rax75/
The elements text size under current version of above link********** : 4
Total links are 5
Link is:*********** https://www.downloads.netgear.com/files/GDC/RAX75/RAX75-V1.0.10.140.zip
Link is:*********** https://kb.netgear.com/000065067
Link is:*********** https://play.google.com/store/apps/details?id=com.netgear.netgearup&hl=en
Link is:*********** https://itunes.apple.com/us/app/netgear-up/id1124666597?mt=8
Link is:*********** https://www.downloads.netgear.com/files/GDC/DGN2200V3/ReadyShareConnect.exe
The link is*********** :https://stagesupport.netgear.com/support/product/rax78/
The elements text size under current version of above link********** : 3
Total links are 4
Link is:*********** https://www.downloads.netgear.com/files/GDC/RAX78/RAX78-V1.0.15.146.zip
Link is:*********** https://kb.netgear.com/000065870
Link is:*********** https://itunes.apple.com/us/app/netgear-up/id1124666597?mt=8
Link is:*********** https://play.google.com/store/apps/details?id=com.netgear.netgearup&hl=en
The link is*********** :https://stagesupport.netgear.com/support/product/rax80/
The elements text size under current version of above link********** : 4
Total links are 5
Link is:*********** https://www.downloads.netgear.com/files/GDC/RAX80/RAX80-V1.0.10.140.zip
Link is:*********** https://kb.netgear.com/000065068
Link is:*********** https://play.google.com/store/apps/details?id=com.netgear.netgearup&hl=en
Link is:*********** https://itunes.apple.com/us/app/netgear-up/id1124666597?mt=8
Link is:*********** https://www.downloads.netgear.com/files/GDC/DGN2200V3/ReadyShareConnect.exe
The link is*********** :https://stagesupport.netgear.com/support/product/rax9/
The elements text size under current version of above link********** : 3
Total links are 4
Link is:*********** https://www.downloads.netgear.com/files/GDC/RAX5/RAX5_V1.0.9.44_1.zip
Link is:*********** https://kb.netgear.com/000066575
Link is:*********** https://play.google.com/store/apps/details?id=com.netgear.netgearup&hl=en
Link is:*********** https://itunes.apple.com/us/app/netgear-up/id1124666597?mt=8
The link is*********** :https://stagesupport.netgear.com/support/product/xr1000/
The elements text size under current version of above link********** : 3
Total links are 4
Link is:*********** https://www.downloads.netgear.com/files/GDC/XR1000/XR1000-V1.0.0.74.zip
Link is:*********** https://kb.netgear.com/000066233
Link is:*********** https://play.google.com/store/apps/details?id=com.netgear.netgearup&hl=en
Link is:*********** https://itunes.apple.com/us/app/netgear-up/id1124666597?mt=8
The link is*********** :https://stagesupport.netgear.com/support/product/xr1000-1rnnas-entouch/
The elements text size under current version of above link********** : 3
Total links are 4
Link is:*********** https://www.downloads.netgear.com/files/GDC/XR1000-1RNNAS/XR1000-V1.0.64.18_5.0.19.zip
Link is:*********** https://kb.netgear.com/000065320
Link is:*********** https://play.google.com/store/apps/details?id=com.netgear.netgearup&hl=en
Link is:*********** https://itunes.apple.com/us/app/netgear-up/id1124666597?mt=8
The link is*********** :https://stagesupport.netgear.com/support/product/xr1000-1rnnas-grande/
The elements text size under current version of above link********** : 3
Total links are 4
Link is:*********** https://www.downloads.netgear.com/files/GDC/XR1000-1RNNAS/XR1000-V1.0.64.18_5.0.19.zip
Link is:*********** https://kb.netgear.com/000065320
Link is:*********** https://play.google.com/store/apps/details?id=com.netgear.netgearup&hl=en
Link is:*********** https://itunes.apple.com/us/app/netgear-up/id1124666597?mt=8
The link is*********** :https://stagesupport.netgear.com/support/product/xr1000-1rnnas-rcn/
The elements text size under current version of above link********** : 3
Total links are 4
Link is:*********** https://www.downloads.netgear.com/files/GDC/XR1000-1RNNAS/XR1000-V1.0.64.18_5.0.19.zip
Link is:*********** https://kb.netgear.com/000065320
Link is:*********** https://play.google.com/store/apps/details?id=com.netgear.netgearup&hl=en
Link is:*********** https://itunes.apple.com/us/app/netgear-up/id1124666597?mt=8
The link is*********** :https://stagesupport.netgear.com/support/product/xr1000-1rnnas-wave/
The elements text size under current version of above link********** : 3
Total links are 4
Link is:*********** https://www.downloads.netgear.com/files/GDC/XR1000-1RNNAS/XR1000-V1.0.64.18_5.0.19.zip
Link is:*********** https://kb.netgear.com/000065320
Link is:*********** https://play.google.com/store/apps/details?id=com.netgear.netgearup&hl=en
Link is:*********** https://itunes.apple.com/us/app/netgear-up/id1124666597?mt=8
The link is*********** :https://stagesupport.netgear.com/support/product/xr300/
The elements text size under current version of above link********** : 6
Total links are 8
Link is:*********** https://www.downloads.netgear.com/files/GDC/XR300/XR300-V1.0.3.78_10.3.58.zip
Link is:*********** https://kb.netgear.com/000065078
Link is:*********** https://play.google.com/store/apps/details?id=com.netgear.netgearup&hl=en
Link is:*********** https://itunes.apple.com/us/app/netgear-up/id1124666597?mt=8
Link is:*********** https://www.downloads.netgear.com/files/GDC/DGN2200V3/ReadyShareConnect.exe
Link is:*********** https://www.downloads.netgear.com/files/GDC/R6300/ReadySharePrinter_setup_v1.36.zip
Link is:*********** https://www.downloads.netgear.com/files/GDC/R6300/ReadySHARE%20USB%20Printer%20MAC_V3.1.zip
Link is:*********** http://kb.netgear.com/000061563
The link is*********** :https://stagesupport.netgear.com/support/product/xr450/
The elements text size under current version of above link********** : 6
Total links are 8
Link is:*********** https://www.downloads.netgear.com/files/GDC/XR450/XR450-V2.3.3.136.zip
Link is:*********** https://kb.netgear.com/000066607
Link is:*********** https://play.google.com/store/apps/details?id=com.netgear.netgearup&hl=en
Link is:*********** https://itunes.apple.com/us/app/netgear-up/id1124666597?mt=8
Link is:*********** https://www.downloads.netgear.com/files/GDC/DGN2200V3/ReadyShareConnect.exe
Link is:*********** https://www.downloads.netgear.com/files/GDC/R6300/ReadySharePrinter_setup_v1.36.zip
Link is:*********** https://www.downloads.netgear.com/files/GDC/R6300/ReadySHARE%20USB%20Printer%20MAC_V3.1.zip
Link is:*********** http://kb.netgear.com/000061563
The link is*********** :https://stagesupport.netgear.com/support/product/xr500/
The elements text size under current version of above link********** : 6
Total links are 8
Link is:*********** https://www.downloads.netgear.com/files/GDC/XR500/XR500-V2.3.3.136.zip
Link is:*********** https://kb.netgear.com/000066608
Link is:*********** https://play.google.com/store/apps/details?id=com.netgear.netgearup&hl=en
Link is:*********** https://itunes.apple.com/us/app/netgear-up/id1124666597?mt=8
Link is:*********** https://www.downloads.netgear.com/files/GDC/DGND3300V2/ReadySHARE%20Access.zip
Link is:*********** https://www.downloads.netgear.com/files/GDC/R6300/ReadySharePrinter_setup_v1.36.zip
Link is:*********** https://www.downloads.netgear.com/files/GDC/R6300/ReadySHARE%20USB%20Printer%20MAC_V3.1.zip
Link is:*********** http://kb.netgear.com/000061563
The link is*********** :https://stagesupport.netgear.com/support/product/xr700/
The elements text size under current version of above link********** : 6
Total links are 8
Link is:*********** https://www.downloads.netgear.com/files/GDC/XR700/XR700-V1.0.1.50.zip
Link is:*********** https://kb.netgear.com/000065096
Link is:*********** https://play.google.com/store/apps/details?id=com.netgear.netgearup&hl=en
Link is:*********** https://itunes.apple.com/us/app/netgear-up/id1124666597?mt=8
Link is:*********** https://www.downloads.netgear.com/files/GDC/DGN2200V3/ReadyShareConnect.exe
Link is:*********** https://www.downloads.netgear.com/files/GDC/R6300/ReadySharePrinter_setup_v1.36.zip
Link is:*********** https://www.downloads.netgear.com/files/GDC/R6300/ReadySHARE%20USB%20Printer%20MAC_V3.1.zip
Link is:*********** http://kb.netgear.com/000061563
The link is*********** :https://stagesupport.netgear.com/support/product/xrm570/
The elements text size under current version of above link********** : 5
Total links are 7
Link is:*********** https://www.downloads.netgear.com/files/GDC/XR500/XR500-V2.3.3.136.zip
Link is:*********** https://kb.netgear.com/000066608
Link is:*********** https://www.downloads.netgear.com/files/GDC/EX7700/EX7700-V1.0.0.226.zip
Link is:*********** https://kb.netgear.com/000064648
Link is:*********** https://play.google.com/store/apps/details?id=com.netgear.netgearup&hl=en
Link is:*********** https://itunes.apple.com/us/app/netgear-up/id1124666597?mt=8
Link is:*********** https://www.downloads.netgear.com/files/GDC/DGN2200V3/ReadyShareConnect.exe
The link is*********** :https://stagesupport.netgear.com/support/product/ac2100/
The elements text size under current version of above link********** : 4
Total links are 5
Link is:*********** https://www.downloads.netgear.com/files/GDC/AC2100/AC2100_V1.2.0.92.zip
Link is:*********** https://kb.netgear.com/000064944
Link is:*********** https://play.google.com/store/apps/details?id=com.netgear.netgearup&hl=en
Link is:*********** https://itunes.apple.com/us/app/netgear-up/id1124666597?mt=8
Link is:*********** https://www.downloads.netgear.com/files/GDC/DGN2200V3/ReadyShareConnect.exe
The link is*********** :https://stagesupport.netgear.com/support/product/ac2400/
The elements text size under current version of above link********** : 4
Total links are 5
Link is:*********** https://www.downloads.netgear.com/files/GDC/AC2400/AC2400_V1.2.0.92.zip
Link is:*********** https://kb.netgear.com/000064945
Link is:*********** https://play.google.com/store/apps/details?id=com.netgear.netgearup&hl=en
Link is:*********** https://itunes.apple.com/us/app/netgear-up/id1124666597?mt=8
Link is:*********** https://www.downloads.netgear.com/files/GDC/DGN2200V3/ReadyShareConnect.exe
The link is*********** :https://stagesupport.netgear.com/support/product/ac2600/
The elements text size under current version of above link********** : 4
Total links are 5
Link is:*********** https://www.downloads.netgear.com/files/GDC/AC2600/AC2600_V1.2.0.92.zip
Link is:*********** https://kb.netgear.com/000064946
Link is:*********** https://play.google.com/store/apps/details?id=com.netgear.netgearup&hl=en
Link is:*********** https://itunes.apple.com/us/app/netgear-up/id1124666597?mt=8
Link is:*********** https://www.downloads.netgear.com/files/GDC/DGN2200V3/ReadyShareConnect.exe
The link is*********** :https://stagesupport.netgear.com/support/product/r6700/
The elements text size under current version of above link********** : 6
Total links are 11
Link is:*********** https://www.downloads.netgear.com/files/GDC/R6700/R6700-V1.0.2.26_10.0.61.zip
Link is:*********** https://kb.netgear.com/000064026
Link is:*********** https://updates1.netgear.com/netgeargenie/mac/update/NETGEARGenieInstaller.dmg
Link is:*********** http://kb.netgear.com/000037853
Link is:*********** https://updates1.netgear.com/netgeargenie/update/NETGEARGenie-install.exe
Link is:*********** http://kb.netgear.com/000037853
Link is:*********** https://www.downloads.netgear.com/files/GDC/R6300/ReadySharePrinter_setup_v1.36.zip
[...]
Link is:*********** http://kb.netgear.com/000061563
The link is*********** :https://stagesupport.netgear.com/support/product/wndr4500v3/
The elements text size under current version of above link********** : 7
Total links are 12
Link is:*********** https://www.downloads.netgear.com/files/GDC/WNDR4500v3/WNDR4500v3-V1.0.0.60_BETA.zip
Link is:*********** http://kb.netgear.com/
Link is:*********** https://www.downloads.netgear.com/files/GDC/WNDR4500v3/WNDR4500v3-V1.0.0.58.zip
Link is:*********** http://kb.netgear.com/000060194
Link is:*********** https://updates1.netgear.com/netgeargenie/mac/update/NETGEARGenieInstaller.dmg
Link is:*********** http://kb.netgear.com/000037853
Link is:*********** https://updates1.netgear.com/netgeargenie/update/NETGEARGenie-install.exe
Link is:*********** http://kb.netgear.com/000037853
Link is:*********** https://www.downloads.netgear.com/files/GDC/DGN2200V3/ReadyShareConnect.exe
Link is:*********** https://www.downloads.netgear.com/files/GDC/R6300/ReadySharePrinter_setup_v1.36.zip
Link is:*********** https://www.downloads.netgear.com/files/GDC/R6300/ReadySHARE%20USB%20Printer%20MAC_V3.1.zip
Link is:*********** http://kb.netgear.com/000061563
The link is*********** :https://stagesupport.netgear.com/support/product/wndrmacv1/
The elements text size under current version of above link********** : 4
Total links are 6
Link is:*********** https://www.downloads.netgear.com/files/GDC/WNDRMACv1/WNDRMAC%20Firmware%20Version%201.0.0.22.zip
Link is:*********** https://updates1.netgear.com/netgeargenie/mac/update/NETGEARGenieInstaller.dmg
Link is:*********** http://kb.netgear.com/000037853
Link is:*********** https://updates1.netgear.com/netgeargenie/update/NETGEARGenie-install.exe
Link is:*********** http://kb.netgear.com/000037853
Link is:*********** https://www.downloads.netgear.com/files/GDC/WNDRMACV2/ReadySHARE%20Access.zip
The link is*********** :https://stagesupport.netgear.com/support/product/wndrmacv2/
The elements text size under current version of above link********** : 4
Total links are 6
Link is:*********** https://www.downloads.netgear.com/files/GDC/WNDRMACV2/WNDRMACv2-V1.0.0.20.zip
Link is:*********** https://updates1.netgear.com/netgeargenie/update/NETGEARGenie-install.exe
Link is:*********** http://kb.netgear.com/000037853
Link is:*********** https://updates1.netgear.com/netgeargenie/mac/update/NETGEARGenieInstaller.dmg
Link is:*********** http://kb.netgear.com/000037853
Link is:*********** https://www.downloads.netgear.com/files/GDC/WNDRMACV2/ReadySHARE%20Access.zip
The link is*********** :https://stagesupport.netgear.com/support/product/wnr1000-2vcnas/
The elements text size under current version of above link********** : 1
Total links are 1
Link is:*********** https://www.downloads.netgear.com/files/GDC/WNR1000-2VCNAS/WNR1000-2VCNAS%20Firmware%20Version%201.2.2.56.zip
The link is*********** :https://stagesupport.netgear.com/support/product/wnr1000v1/
The elements text size under current version of above link********** : 2
Total links are 2
Link is:*********** https://www.downloads.netgear.com/files/GDC/WNR1000V1/WNR1000%20Firmware%20Version%201.0.1.15%20(North%20America).zip
Link is:*********** https://www.downloads.netgear.com/files/GDC/WNR1000V1/WNR1000%20Firmware%20Version%201.0.1.15%20(All%20regions%20except%20North%20America).zip
The link is*********** :https://stagesupport.netgear.com/support/product/wnr1000v2/
The elements text size under current version of above link********** : 4
Total links are 8
Link is:*********** https://www.downloads.netgear.com/files/GDC/WNR1000V2/WNR1000v2-V1.1.2.60NA.zip
Link is:*********** http://kb.netgear.com/000048433
Link is:*********** https://www.downloads.netgear.com/files/GDC/WNR1000V2/WNR1000v2-V1.1.2.60.zip
Link is:*********** http://kb.netgear.com/000048434
Link is:*********** https://updates1.netgear.com/netgeargenie/mac/update/NETGEARGenieInstaller.dmg
Link is:*********** http://kb.netgear.com/000037853
Link is:*********** https://updates1.netgear.com/netgeargenie/update/NETGEARGenie-install.exe
Link is:*********** http://kb.netgear.com/000037853
The link is*********** :https://stagesupport.netgear.com/support/product/wnr1000v3/
The elements text size under current version of above link********** : 4
Total links are 8
Link is:*********** https://www.downloads.netgear.com/files/GDC/WNR1000v3/WNR1000v3-V1.0.2.78_60.0.96NA.zip
Link is:*********** http://kb.netgear.com/000062102
Link is:*********** https://www.downloads.netgear.com/files/GDC/WNR1000v3/WNR1000v3-V1.0.2.78_60.0.96.zip
Link is:*********** http://kb.netgear.com/000062102
Link is:*********** https://updates1.netgear.com/netgeargenie/mac/update/NETGEARGenieInstaller.dmg
Link is:*********** http://kb.netgear.com/000037853
Link is:*********** https://updates1.netgear.com/netgeargenie/update/NETGEARGenie-install.exe
Link is:*********** http://kb.netgear.com/000037853
The link is*********** :https://stagesupport.netgear.com/support/product/wnr1000v4/
The elements text size under current version of above link********** : 3
Total links are 6
Link is:*********** https://www.downloads.netgear.com/files/GDC/JNR1010V2/N300-V1.1.0.54_1.0.1.zip
Link is:*********** http://kb.netgear.com/000059663
Link is:*********** https://updates1.netgear.com/netgeargenie/mac/update/NETGEARGenieInstaller.dmg
Link is:*********** http://kb.netgear.com/000037853
Link is:*********** https://updates1.netgear.com/netgeargenie/update/NETGEARGenie-install.exe
Link is:*********** http://kb.netgear.com/000037853
The link is*********** :https://stagesupport.netgear.com/support/product/wnr1500/
The elements text size under current version of above link********** : 3
Total links are 6
Link is:*********** https://www.downloads.netgear.com/files/GDC/JWNR2000V2/JWNR2000v2_WNR1500-V1.0.0.11_1.0.1.zip
Link is:*********** http://kb.netgear.com/app/answers/detail/a_id/25063
Link is:*********** https://updates1.netgear.com/netgeargenie/mac/update/NETGEARGenieInstaller.dmg
Link is:*********** http://kb.netgear.com/000037853
Link is:*********** https://updates1.netgear.com/netgeargenie/update/NETGEARGenie-install.exe
Link is:*********** http://kb.netgear.com/000037853
The link is*********** :https://stagesupport.netgear.com/support/product/wnr2000v1/
The elements text size under current version of above link********** : 2
Total links are 2
Link is:*********** https://www.downloads.netgear.com/files/GDC/WNR2000V1/WNR2000%20Firmware%20Version%201.2.3.7%20(NA).zip
Link is:*********** https://www.downloads.netgear.com/files/GDC/WNR2000V1/WNR2000%20Firmware%20Version%201.2.3.7%20(WW).zip
The link is*********** :https://stagesupport.netgear.com/support/product/wnr2000v2/
The elements text size under current version of above link********** : 2
Total links are 4
Link is:*********** https://www.downloads.netgear.com/files/GDC/WNR2000V2/WNR2000v2-V1.2.0.12_36.0.60NA.zip
Link is:*********** http://kb.netgear.com/000062142
Link is:*********** https://www.downloads.netgear.com/files/GDC/WNR2000V2/WNR2000v2-V1.2.0.12_36.0.60WW.zip
Link is:*********** http://kb.netgear.com/000062142
The link is*********** :https://stagesupport.netgear.com/support/product/wnr2000v3/
The elements text size under current version of above link********** : 3
Total links are 6
Link is:*********** https://www.downloads.netgear.com/files/GDC/WNR2000v3/wnr2000v3-V1.1.2.18.zip
Link is:*********** http://kb.netgear.com/000045843
Link is:*********** https://updates1.netgear.com/netgeargenie/mac/update/NETGEARGenieInstaller.dmg
Link is:*********** http://kb.netgear.com/000037853
Link is:*********** https://updates1.netgear.com/netgeargenie/update/NETGEARGenie-install.exe
Link is:*********** http://kb.netgear.com/000037853
The link is*********** :https://stagesupport.netgear.com/support/product/wnr2000v4/
The elements text size under current version of above link********** : 3
Total links are 6
Link is:*********** https://www.downloads.netgear.com/files/GDC/WNR2000V4/wnr2000v4-V1.0.0.70.zip
Link is:*********** http://kb.netgear.com/000046287
Link is:*********** https://updates1.netgear.com/netgeargenie/mac/update/NETGEARGenieInstaller.dmg
Link is:*********** http://kb.netgear.com/000037853
Link is:*********** https://updates1.netgear.com/netgeargenie/update/NETGEARGenie-install.exe
Link is:*********** http://kb.netgear.com/000037853
The link is*********** :https://stagesupport.netgear.com/support/product/wnr2000v5/
The elements text size under current version of above link********** : 3
Total links are 6
Link is:*********** https://www.downloads.netgear.com/files/GDC/WNR2000V5/WNR2000v5-V1.0.0.80.zip
Link is:*********** https://kb.netgear.com/000065066
Link is:*********** https://updates1.netgear.com/netgeargenie/mac/update/NETGEARGenieInstaller.dmg
Link is:*********** http://kb.netgear.com/000037853
Link is:*********** https://updates1.netgear.com/netgeargenie/update/NETGEARGenie-install.exe
Link is:*********** http://kb.netgear.com/000037853
The link is*********** :https://stagesupport.netgear.com/support/product/wnr2020/
The elements text size under current version of above link********** : 3
Total links are 6
Link is:*********** https://www.downloads.netgear.com/files/GDC/WNR2020/N300-V1.1.0.62_1.0.1.zip
Link is:*********** http://kb.netgear.com/000061445
Link is:*********** https://updates1.netgear.com/netgeargenie/mac/update/NETGEARGenieInstaller.dmg
Link is:*********** http://kb.netgear.com/000037853
Link is:*********** https://updates1.netgear.com/netgeargenie/update/NETGEARGenie-install.exe
Link is:*********** http://kb.netgear.com/000037853
The link is*********** :https://stagesupport.netgear.com/support/product/wnr2020v2/
The elements text size under current version of above link********** : 3
Total links are 6
Link is:*********** https://www.downloads.netgear.com/files/GDC/WNR2020/N300-V1.1.0.62_1.0.1.zip
Link is:*********** http://kb.netgear.com/000061445
Link is:*********** https://updates1.netgear.com/netgeargenie/mac/update/NETGEARGenieInstaller.dmg
Link is:*********** http://kb.netgear.com/000037853
Link is:*********** https://updates1.netgear.com/netgeargenie/update/NETGEARGenie-install.exe
Link is:*********** http://kb.netgear.com/000037853
The link is*********** :https://stagesupport.netgear.com/support/product/wnr2200/
The elements text size under current version of above link********** : 4
Total links are 7
Link is:*********** https://www.downloads.netgear.com/files/GDC/WNR2200/WNR2200-V1.0.1.102.zip
Link is:*********** http://kb.netgear.com/000049009
Link is:*********** https://updates1.netgear.com/netgeargenie/mac/update/NETGEARGenieInstaller.dmg
Link is:*********** http://kb.netgear.com/000037853
Link is:*********** https://updates1.netgear.com/netgeargenie/update/NETGEARGenie-install.exe
Link is:*********** http://kb.netgear.com/000037853
Link is:*********** https://www.downloads.netgear.com/files/GDC/WNR2200/ReadySHARE%20Access.zip
The link is*********** :https://stagesupport.netgear.com/support/product/wnr2500/
The elements text size under current version of above link********** : 3
Total links are 6
Link is:*********** https://www.downloads.netgear.com/files/GDC/WNR2500/WNR2500-V1.0.0.34NA.zip
Link is:*********** http://kb.netgear.com/000044715
Link is:*********** https://updates1.netgear.com/netgeargenie/mac/update/NETGEARGenieInstaller.dmg
Link is:*********** http://kb.netgear.com/000037853
Link is:*********** https://updates1.netgear.com/netgeargenie/update/NETGEARGenie-install.exe
Link is:*********** http://kb.netgear.com/000037853
The link is*********** :https://stagesupport.netgear.com/support/product/wnr3500lv1/
The elements text size under current version of above link********** : 2
Total links are 3
Link is:*********** https://www.downloads.netgear.com/files/GDC/WNR3500LV1/WNR3500L_V1.2.2.48_35.0.55NA.zip
Link is:*********** http://kb.netgear.com/app/answers/detail/a_id/23746
Link is:*********** https://www.downloads.netgear.com/files/GDC/WNR3500Lv1/WNR3500Lv1_ReadySHARE%20Access.zip
The link is*********** :https://stagesupport.netgear.com/support/product/wnr3500lv2/
The elements text size under current version of above link********** : 4
Total links are 7
Link is:*********** https://www.downloads.netgear.com/files/GDC/WNR3500Lv2/WNR3500Lv2-V1.2.0.72_50.0.115.zip
Link is:*********** https://kb.netgear.com/000064663
Link is:*********** https://updates1.netgear.com/netgeargenie/mac/update/NETGEARGenieInstaller.dmg
Link is:*********** http://kb.netgear.com/000037853
Link is:*********** https://updates1.netgear.com/netgeargenie/update/NETGEARGenie-install.exe
Link is:*********** http://kb.netgear.com/000037853
Link is:*********** https://www.downloads.netgear.com/files/GDC/WNR3500LV2/ReadyShare%20Connect%20Utility.zip
The link is*********** :https://stagesupport.netgear.com/support/product/wnr3500v1/
The elements text size under current version of above link********** : 1
Total links are 1
Link is:*********** https://www.downloads.netgear.com/files/GDC/WNR3500v1/WNR3500%20Firmware%20Version%201.0.36%20(North%20America).zip
The link is*********** :https://stagesupport.netgear.com/support/product/wnr3500v2/
The elements text size under current version of above link********** : 2
Total links are 2
Link is:*********** https://www.downloads.netgear.com/files/GDC/WNR3500V2/WNR3500v2%20Firmware%20Version%201.2.2.28%20(North%20America).zip
Link is:*********** https://www.downloads.netgear.com/files/GDC/WNR3500V2/WNR3500v2%20Firmware%20Version%201.2.2.28%20(All%20regions%20except%20North%20America).zip
The link is*********** :https://stagesupport.netgear.com/support/product/wnr612v2/
The elements text size under current version of above link********** : 3
Total links are 3
Link is:*********** https://www.downloads.netgear.com/files/GDC/WNR612v2/wnr612v2-V1.0.0.3_1.0.2.zip
Link is:*********** https://www.downloads.netgear.com/files/GDC/WNR612v2/wnr612v2-V1.0.0.3_1.0.2PR.zip
Link is:*********** https://www.downloads.netgear.com/files/GDC/WNR612v2/wnr612v2-V1.0.0.3_1.0.2RU.zip
The link is*********** :https://stagesupport.netgear.com/support/product/wnr612v3/
The elements text size under current version of above link********** : 3
Total links are 6
Link is:*********** https://www.downloads.netgear.com/files/GDC/WNR612V3/WNR612v3_WNR500_V1.0.0.26.zip
Link is:*********** http://kb.netgear.com/app/answers/detail/a_id/30189
Link is:*********** https://updates1.netgear.com/netgeargenie/mac/update/NETGEARGenieInstaller.dmg
Link is:*********** http://kb.netgear.com/000037853
Link is:*********** https://updates1.netgear.com/netgeargenie/update/NETGEARGenie-install.exe
Link is:*********** http://kb.netgear.com/000037853
The link is*********** :https://stagesupport.netgear.com/support/product/wnr614/
The elements text size under current version of above link********** : 3
Total links are 6
Link is:*********** https://www.downloads.netgear.com/files/GDC/JNR1010V2/N300-V1.1.0.54_1.0.1.zip
Link is:*********** http://kb.netgear.com/000059663
Link is:*********** https://updates1.netgear.com/netgeargenie/mac/update/NETGEARGenieInstaller.dmg
Link is:*********** http://kb.netgear.com/000037853
Link is:*********** https://updates1.netgear.com/netgeargenie/update/NETGEARGenie-install.exe
Link is:*********** http://kb.netgear.com/000037853
The link is*********** :https://stagesupport.netgear.com/support/product/wnr618/
The elements text size under current version of above link********** : 3
Total links are 6
Link is:*********** https://www.downloads.netgear.com/files/GDC/JNR1010V2/N300-V1.1.0.54_1.0.1.zip
Link is:*********** http://kb.netgear.com/000059663
Link is:*********** https://updates1.netgear.com/netgeargenie/mac/update/NETGEARGenieInstaller.dmg
Link is:*********** http://kb.netgear.com/000037853
Link is:*********** https://updates1.netgear.com/netgeargenie/update/NETGEARGenie-install.exe
Link is:*********** http://kb.netgear.com/000037853
The link is*********** :https://stagesupport.netgear.com/support/product/wnr834bv1/
The elements text size under current version of above link********** : 2
Total links are 2
Link is:*********** https://www.downloads.netgear.com/files/GDC/WNR834Bv1/WNR834B%20Firmware%20Version%201.0.4.2%20(North%20America).zip
Link is:*********** https://www.downloads.netgear.com/files/GDC/WNR834Bv1/WNR834B%20Firmware%20Version%201.0.4.2%20(All%20regions%20except%20North%20America).zip
The link is*********** :https://stagesupport.netgear.com/support/product/wnr834bv2/
The elements text size under current version of above link********** : 2
Total links are 2
Link is:*********** https://www.downloads.netgear.com/files/GDC/WNR834BV2/wnr834bv2_2_1_13_na_only.zip
Link is:*********** https://www.downloads.netgear.com/files/GDC/WNR834BV2/wnr834bBv2_2_1_13_2_1_13_ww.zip
The link is*********** :https://stagesupport.netgear.com/support/product/wnr834m/
The elements text size under current version of above link********** : 1
Total links are 1
Link is:*********** https://www.downloads.netgear.com/files/GDC/WNR834M/WNR834M%20Firmware%20Version%201.4.23%20(North%20America).zip
The link is*********** :https://stagesupport.netgear.com/support/product/wnr854t/
The elements text size under current version of above link********** : 2
Total links are 4
Link is:*********** https://www.downloads.netgear.com/files/GDC/WNR854T/WNR854T_V1.5.2NA.zip
Link is:*********** https://kb.netgear.com/000038831
Link is:*********** https://www.downloads.netgear.com/files/GDC/WNR854T/WNR854T_V1.5.2WW.zip
Link is:*********** https://kb.netgear.com/000038831
The link is*********** :https://stagesupport.netgear.com/support/product/wpn824n/
The elements text size under current version of above link********** : 2
Total links are 2
Link is:*********** https://www.downloads.netgear.com/files/GDC/WPN824N/WPN824N-V1.0.0.28.zip
Link is:*********** https://www.downloads.netgear.com/files/GDC/WPN824N/WPN824N-V1.0.0.28NA.zip
The link is*********** :https://stagesupport.netgear.com/support/product/wpn824v1/
The elements text size under current version of above link********** : 1
Total links are 1
Link is:*********** https://www.downloads.netgear.com/files/GDC/WPN824V1/WPN824v1%20Firmware%20Version%20V2.0.15.zip
The link is*********** :https://stagesupport.netgear.com/support/product/wpn824v2/
The elements text size under current version of above link********** : 2
Total links are 2
Link is:*********** https://www.downloads.netgear.com/files/GDC/WPN824V2/WPN824v2%20Firmware%20Version%202.0.26%20(NA).zip
Link is:*********** https://www.downloads.netgear.com/files/GDC/WPN824V2/WPN824v2%20Firmware%20Version%202.0.26%20(WW).zip
The link is*********** :https://stagesupport.netgear.com/support/product/wpn824v3/
The elements text size under current version of above link********** : 2
Total links are 2
Link is:*********** https://www.downloads.netgear.com/files/GDC/WPN824V3/WPN824V3-V1.0.8_1.0.7NA.zip
Link is:*********** https://www.downloads.netgear.com/files/GDC/WPN824V3/WNR1000v3-V1.0.2.26_51.0.59.zip
The link is*********** :https://stagesupport.netgear.com/support/product/wpnt834/
The elements text size under current version of above link********** : 2
Total links are 2
Link is:*********** https://www.downloads.netgear.com/files/GDC/WPNT834/WPNT834%20Firmware%20Version%201.0.51%20(North%20America).zip
Link is:*********** https://www.downloads.netgear.com/files/GDC/WPNT834/WPNT834%20Firmware%20Version%201.0.51%20(All%20regions%20except%20North%20America).zip
]]></system-out>
    <system-err><![CDATA[SLF4J(W): No SLF4J providers were found.
SLF4J(W): Defaulting to no-operation (NOP) logger implementation
SLF4J(W): See https://www.slf4j.org/codes.html#noProviders for further details.
Mar 27, 2025 6:59:35 PM org.openqa.selenium.devtools.CdpVersionFinder findNearestMatch
WARNING: Unable to find an exact match for CDP version 134, returning the closest version; found: 130; Please update to a Selenium version that supports CDP version 134
]]></system-err>
  </testcase>
</testsuite>