<?xml version="1.0" encoding="UTF-8"?>
<testng-results ignored="0" total="1" passed="1" failed="0" skipped="0">
  <reporter-output>
  </reporter-output>
  <suite started-at="2025-03-27T18:59:33 IST" name="Surefire suite" finished-at="2025-03-27T19:56:05 IST" duration-ms="3392803">
    <groups>
    </groups>
    <test started-at="2025-03-27T18:59:33 IST" name="Surefire test" finished-at="2025-03-27T19:56:05 IST" duration-ms="3392803">
      <class name="com.netgear.test.ExtractProduct">
        <test-method is-config="true" signature="setupReport()[pri:0, instance:com.netgear.test.ExtractProduct@76908cc0]" started-at="2025-03-27T18:59:33 IST" name="setupReport" finished-at="2025-03-27T18:59:33 IST" duration-ms="232" status="PASS">
          <reporter-output>
          </reporter-output>
        </test-method> <!-- setupReport -->
        <test-method is-config="true" signature="setupTest(java.lang.reflect.Method)[pri:0, instance:com.netgear.test.ExtractProduct@76908cc0]" started-at="2025-03-27T18:59:33 IST" name="setupTest" finished-at="2025-03-27T18:59:33 IST" duration-ms="7" status="PASS">
          <params>
            <param index="0">
              <value>
                <![CDATA[public void com.netgear.test.ExtractProduct.listOfProducts() throws java.lang.InterruptedException]]>
              </value>
            </param>
          </params>
          <reporter-output>
          </reporter-output>
        </test-method> <!-- setupTest -->
        <test-method signature="listOfProducts()[pri:0, instance:com.netgear.test.ExtractProduct@76908cc0]" started-at="2025-03-27T18:59:33 IST" name="listOfProducts" finished-at="2025-03-27T19:56:05 IST" duration-ms="3392014" status="PASS">
          <reporter-output>
          </reporter-output>
        </test-method> <!-- listOfProducts -->
        <test-method is-config="true" signature="verifytest(java.lang.reflect.Method)[pri:0, instance:com.netgear.test.ExtractProduct@76908cc0]" started-at="2025-03-27T18:59:33 IST" name="verifytest" finished-at="2025-03-27T18:59:33 IST" duration-ms="0" status="PASS">
          <params>
            <param index="0">
              <value>
                <![CDATA[public void com.netgear.test.ExtractProduct.listOfProducts() throws java.lang.InterruptedException]]>
              </value>
            </param>
          </params>
          <reporter-output>
          </reporter-output>
        </test-method> <!-- verifytest -->
        <test-method is-config="true" signature="tearDownReport()[pri:0, instance:com.netgear.test.ExtractProduct@76908cc0]" started-at="2025-03-27T19:56:05 IST" name="tearDownReport" finished-at="2025-03-27T19:56:05 IST" duration-ms="507" status="PASS">
          <reporter-output>
          </reporter-output>
        </test-method> <!-- tearDownReport -->
      </class> <!-- com.netgear.test.ExtractProduct -->
    </test> <!-- Surefire test -->
  </suite> <!-- Surefire suite -->
</testng-results>
