<?xml version="1.0" encoding="UTF-8"?>
<testsuite xmlns:xsi="http://www.w3.org/2001/XMLSchema-instance" xsi:noNamespaceSchemaLocation="https://maven.apache.org/surefire/maven-surefire-plugin/xsd/surefire-test-report-3.0.xsd" version="3.0" name="com.netgear.test.ExtractProduct" time="620.388" tests="1" errors="0" skipped="0" failures="0">
  <properties>
[...]
</properties>
  <testcase name="listOfProducts" classname="com.netgear.test.ExtractProduct" time="619.17">
    <system-out><![CDATA[All category lists are : WiFi Routers
All category lists are : Orbi WiFi System
All category lists are : Nighthawk WiFi System
All category lists are : Home Networking
All category lists are : Apps & Services
All category lists are : Mobile Broadband
All category lists are : Meural
All category lists are : Insight
All category lists are : Switches
All category lists are : Business Wireless
All category lists are : Security
All category lists are : Network Storage
📸 Screenshot saved: C:\Automation\netgear-new\target\screenshots\Before_When wifi router is highlighted black_20250328_191546.png
📸 Screenshot saved: C:\Automation\netgear-new\target\screenshots\After_When wifi router is highlighted black_20250328_191546.png
📸 Screenshot saved: C:\Automation\netgear-new\target\screenshots\Before_Entering For loop_20250328_191547.png
📸 Screenshot saved: C:\Automation\netgear-new\target\screenshots\After_Entering For loop_20250328_191551.png
📸 Screenshot saved: C:\Automation\netgear-new\target\screenshots\When current sub category is highlighted green_20250328_191551.png
Current sub category text value : Nighthawk WiFi 7 Router
📸 Screenshot saved: C:\Automation\netgear-new\target\screenshots\Before Print_20250328_191552.png
The dom Element is : support-nighthawk-wifi-7-routers
📸 Screenshot saved: C:\Automation\netgear-new\target\screenshots\After Print_20250328_191552.png
📸 Screenshot saved: C:\Automation\netgear-new\target\screenshots\SubCategory before click_20250328_191552.png
📸 Screenshot saved: C:\Automation\netgear-new\target\screenshots\SubCategory after click_20250328_191553.png
📸 Screenshot saved: C:\Automation\netgear-new\target\screenshots\Links of Each sub category_20250328_191555.png
📸 Screenshot saved: C:\Automation\netgear-new\target\screenshots\Links of Each sub category_20250328_191556.png
📸 Screenshot saved: C:\Automation\netgear-new\target\screenshots\Links of Each sub category_20250328_191556.png
📸 Screenshot saved: C:\Automation\netgear-new\target\screenshots\Links of Each sub category_20250328_191557.png
📸 Screenshot saved: C:\Automation\netgear-new\target\screenshots\Links of Each sub category_20250328_191557.png
📸 Screenshot saved: C:\Automation\netgear-new\target\screenshots\Links of Each sub category_20250328_191558.png
📸 Screenshot saved: C:\Automation\netgear-new\target\screenshots\Links of Each sub category_20250328_191558.png
📸 Screenshot saved: C:\Automation\netgear-new\target\screenshots\Links of Each sub category_20250328_191559.png
📸 Screenshot saved: C:\Automation\netgear-new\target\screenshots\Links of Each sub category_20250328_191559.png
📸 Screenshot saved: C:\Automation\netgear-new\target\screenshots\Links of Each sub category_20250328_191600.png
📸 Screenshot saved: C:\Automation\netgear-new\target\screenshots\Links of Each sub category_20250328_191600.png
📸 Screenshot saved: C:\Automation\netgear-new\target\screenshots\Links of Each sub category_20250328_191601.png
📸 Screenshot saved: C:\Automation\netgear-new\target\screenshots\Links of Each sub category_20250328_191601.png
📸 Screenshot saved: C:\Automation\netgear-new\target\screenshots\Links of Each sub category_20250328_191602.png
📸 Screenshot saved: C:\Automation\netgear-new\target\screenshots\Links of Each sub category_20250328_191602.png
📸 Screenshot saved: C:\Automation\netgear-new\target\screenshots\Links of Each sub category_20250328_191602.png
📸 Screenshot saved: C:\Automation\netgear-new\target\screenshots\Links of Each sub category_20250328_191603.png
📸 Screenshot saved: C:\Automation\netgear-new\target\screenshots\Links of Each sub category_20250328_191603.png
📸 Screenshot saved: C:\Automation\netgear-new\target\screenshots\Links of Each sub category_20250328_191604.png
📸 Screenshot saved: C:\Automation\netgear-new\target\screenshots\before_scroll_20250328_191604.png
📸 Screenshot saved: C:\Automation\netgear-new\target\screenshots\After_Scroll_20250328_191610.png
📸 Screenshot saved: C:\Automation\netgear-new\target\screenshots\Before_When wifi router is highlighted pink_20250328_191615.png
📸 Screenshot saved: C:\Automation\netgear-new\target\screenshots\After_When wifi router is highlighted pink_20250328_191616.png
📸 Screenshot saved: C:\Automation\netgear-new\target\screenshots\After_click_20250328_191621.png
Wifi Router element after click : WiFi Routers
📸 Screenshot saved: C:\Automation\netgear-new\target\screenshots\After_Entering For loop_20250328_191625.png
📸 Screenshot saved: C:\Automation\netgear-new\target\screenshots\When current sub category is highlighted green_20250328_191626.png
Current sub category text value : Nighthawk WiFi 6E Routers
📸 Screenshot saved: C:\Automation\netgear-new\target\screenshots\Before Print_20250328_191626.png
The dom Element is : support-nighthawk-wifi-6e-routers
📸 Screenshot saved: C:\Automation\netgear-new\target\screenshots\After Print_20250328_191627.png
📸 Screenshot saved: C:\Automation\netgear-new\target\screenshots\SubCategory before click_20250328_191627.png
📸 Screenshot saved: C:\Automation\netgear-new\target\screenshots\SubCategory after click_20250328_191628.png
📸 Screenshot saved: C:\Automation\netgear-new\target\screenshots\Links of Each sub category_20250328_191630.png
📸 Screenshot saved: C:\Automation\netgear-new\target\screenshots\Links of Each sub category_20250328_191630.png
📸 Screenshot saved: C:\Automation\netgear-new\target\screenshots\Links of Each sub category_20250328_191631.png
📸 Screenshot saved: C:\Automation\netgear-new\target\screenshots\Links of Each sub category_20250328_191631.png
📸 Screenshot saved: C:\Automation\netgear-new\target\screenshots\before_scroll_20250328_191632.png
📸 Screenshot saved: C:\Automation\netgear-new\target\screenshots\After_Scroll_20250328_191637.png
📸 Screenshot saved: C:\Automation\netgear-new\target\screenshots\Before_When wifi router is highlighted pink_20250328_191643.png
📸 Screenshot saved: C:\Automation\netgear-new\target\screenshots\After_When wifi router is highlighted pink_20250328_191643.png
📸 Screenshot saved: C:\Automation\netgear-new\target\screenshots\After_click_20250328_191649.png
Wifi Router element after click : WiFi Routers
📸 Screenshot saved: C:\Automation\netgear-new\target\screenshots\After_Entering For loop_20250328_191653.png
📸 Screenshot saved: C:\Automation\netgear-new\target\screenshots\When current sub category is highlighted green_20250328_191653.png
Current sub category text value : Nighthawk WiFi 6 Routers
📸 Screenshot saved: C:\Automation\netgear-new\target\screenshots\Before Print_20250328_191654.png
The dom Element is : support-nighthawk-wifi-6-routers
📸 Screenshot saved: C:\Automation\netgear-new\target\screenshots\After Print_20250328_191654.png
📸 Screenshot saved: C:\Automation\netgear-new\target\screenshots\SubCategory before click_20250328_191654.png
📸 Screenshot saved: C:\Automation\netgear-new\target\screenshots\SubCategory after click_20250328_191655.png
📸 Screenshot saved: C:\Automation\netgear-new\target\screenshots\Links of Each sub category_20250328_191657.png
📸 Screenshot saved: C:\Automation\netgear-new\target\screenshots\Links of Each sub category_20250328_191658.png
📸 Screenshot saved: C:\Automation\netgear-new\target\screenshots\Links of Each sub category_20250328_191658.png
📸 Screenshot saved: C:\Automation\netgear-new\target\screenshots\Links of Each sub category_20250328_191659.png
📸 Screenshot saved: C:\Automation\netgear-new\target\screenshots\Links of Each sub category_20250328_191659.png
📸 Screenshot saved: C:\Automation\netgear-new\target\screenshots\Links of Each sub category_20250328_191700.png
📸 Screenshot saved: C:\Automation\netgear-new\target\screenshots\Links of Each sub category_20250328_191700.png
📸 Screenshot saved: C:\Automation\netgear-new\target\screenshots\Links of Each sub category_20250328_191701.png
📸 Screenshot saved: C:\Automation\netgear-new\target\screenshots\Links of Each sub category_20250328_191701.png
📸 Screenshot saved: C:\Automation\netgear-new\target\screenshots\Links of Each sub category_20250328_191702.png
📸 Screenshot saved: C:\Automation\netgear-new\target\screenshots\Links of Each sub category_20250328_191702.png
📸 Screenshot saved: C:\Automation\netgear-new\target\screenshots\Links of Each sub category_20250328_191702.png
📸 Screenshot saved: C:\Automation\netgear-new\target\screenshots\Links of Each sub category_20250328_191703.png
📸 Screenshot saved: C:\Automation\netgear-new\target\screenshots\Links of Each sub category_20250328_191703.png
📸 Screenshot saved: C:\Automation\netgear-new\target\screenshots\Links of Each sub category_20250328_191704.png
📸 Screenshot saved: C:\Automation\netgear-new\target\screenshots\Links of Each sub category_20250328_191704.png
📸 Screenshot saved: C:\Automation\netgear-new\target\screenshots\Links of Each sub category_20250328_191705.png
📸 Screenshot saved: C:\Automation\netgear-new\target\screenshots\Links of Each sub category_20250328_191705.png
📸 Screenshot saved: C:\Automation\netgear-new\target\screenshots\Links of Each sub category_20250328_191706.png
📸 Screenshot saved: C:\Automation\netgear-new\target\screenshots\Links of Each sub category_20250328_191706.png
📸 Screenshot saved: C:\Automation\netgear-new\target\screenshots\Links of Each sub category_20250328_191706.png
📸 Screenshot saved: C:\Automation\netgear-new\target\screenshots\Links of Each sub category_20250328_191707.png
📸 Screenshot saved: C:\Automation\netgear-new\target\screenshots\Links of Each sub category_20250328_191707.png
📸 Screenshot saved: C:\Automation\netgear-new\target\screenshots\Links of Each sub category_20250328_191708.png
📸 Screenshot saved: C:\Automation\netgear-new\target\screenshots\Links of Each sub category_20250328_191708.png
📸 Screenshot saved: C:\Automation\netgear-new\target\screenshots\Links of Each sub category_20250328_191709.png
📸 Screenshot saved: C:\Automation\netgear-new\target\screenshots\Links of Each sub category_20250328_191709.png
📸 Screenshot saved: C:\Automation\netgear-new\target\screenshots\Links of Each sub category_20250328_191710.png
📸 Screenshot saved: C:\Automation\netgear-new\target\screenshots\Links of Each sub category_20250328_191710.png
📸 Screenshot saved: C:\Automation\netgear-new\target\screenshots\Links of Each sub category_20250328_191711.png
📸 Screenshot saved: C:\Automation\netgear-new\target\screenshots\Links of Each sub category_20250328_191711.png
📸 Screenshot saved: C:\Automation\netgear-new\target\screenshots\Links of Each sub category_20250328_191711.png
📸 Screenshot saved: C:\Automation\netgear-new\target\screenshots\Links of Each sub category_20250328_191712.png
📸 Screenshot saved: C:\Automation\netgear-new\target\screenshots\Links of Each sub category_20250328_191712.png
📸 Screenshot saved: C:\Automation\netgear-new\target\screenshots\Links of Each sub category_20250328_191713.png
📸 Screenshot saved: C:\Automation\netgear-new\target\screenshots\Links of Each sub category_20250328_191713.png
📸 Screenshot saved: C:\Automation\netgear-new\target\screenshots\Links of Each sub category_20250328_191714.png
📸 Screenshot saved: C:\Automation\netgear-new\target\screenshots\Links of Each sub category_20250328_191714.png
📸 Screenshot saved: C:\Automation\netgear-new\target\screenshots\Links of Each sub category_20250328_191715.png
📸 Screenshot saved: C:\Automation\netgear-new\target\screenshots\Links of Each sub category_20250328_191715.png
📸 Screenshot saved: C:\Automation\netgear-new\target\screenshots\Links of Each sub category_20250328_191715.png
📸 Screenshot saved: C:\Automation\netgear-new\target\screenshots\Links of Each sub category_20250328_191716.png
📸 Screenshot saved: C:\Automation\netgear-new\target\screenshots\Links of Each sub category_20250328_191716.png
📸 Screenshot saved: C:\Automation\netgear-new\target\screenshots\Links of Each sub category_20250328_191717.png
📸 Screenshot saved: C:\Automation\netgear-new\target\screenshots\before_scroll_20250328_191717.png
📸 Screenshot saved: C:\Automation\netgear-new\target\screenshots\After_Scroll_20250328_191723.png
📸 Screenshot saved: C:\Automation\netgear-new\target\screenshots\Before_When wifi router is highlighted pink_20250328_191728.png
📸 Screenshot saved: C:\Automation\netgear-new\target\screenshots\After_When wifi router is highlighted pink_20250328_191729.png
📸 Screenshot saved: C:\Automation\netgear-new\target\screenshots\After_click_20250328_191734.png
Wifi Router element after click : WiFi Routers
📸 Screenshot saved: C:\Automation\netgear-new\target\screenshots\After_Entering For loop_20250328_191738.png
📸 Screenshot saved: C:\Automation\netgear-new\target\screenshots\When current sub category is highlighted green_20250328_191739.png
Current sub category text value : Nighthawk Pro Gaming Routers
📸 Screenshot saved: C:\Automation\netgear-new\target\screenshots\Before Print_20250328_191739.png
The dom Element is : support-nighthawk
📸 Screenshot saved: C:\Automation\netgear-new\target\screenshots\After Print_20250328_191739.png
📸 Screenshot saved: C:\Automation\netgear-new\target\screenshots\SubCategory before click_20250328_191740.png
📸 Screenshot saved: C:\Automation\netgear-new\target\screenshots\SubCategory after click_20250328_191740.png
📸 Screenshot saved: C:\Automation\netgear-new\target\screenshots\Links of Each sub category_20250328_191743.png
📸 Screenshot saved: C:\Automation\netgear-new\target\screenshots\Links of Each sub category_20250328_191743.png
📸 Screenshot saved: C:\Automation\netgear-new\target\screenshots\Links of Each sub category_20250328_191744.png
📸 Screenshot saved: C:\Automation\netgear-new\target\screenshots\Links of Each sub category_20250328_191744.png
📸 Screenshot saved: C:\Automation\netgear-new\target\screenshots\Links of Each sub category_20250328_191745.png
📸 Screenshot saved: C:\Automation\netgear-new\target\screenshots\Links of Each sub category_20250328_191745.png
📸 Screenshot saved: C:\Automation\netgear-new\target\screenshots\Links of Each sub category_20250328_191746.png
📸 Screenshot saved: C:\Automation\netgear-new\target\screenshots\Links of Each sub category_20250328_191746.png
📸 Screenshot saved: C:\Automation\netgear-new\target\screenshots\Links of Each sub category_20250328_191746.png
📸 Screenshot saved: C:\Automation\netgear-new\target\screenshots\Links of Each sub category_20250328_191747.png
📸 Screenshot saved: C:\Automation\netgear-new\target\screenshots\Links of Each sub category_20250328_191747.png
📸 Screenshot saved: C:\Automation\netgear-new\target\screenshots\Links of Each sub category_20250328_191748.png
📸 Screenshot saved: C:\Automation\netgear-new\target\screenshots\Links of Each sub category_20250328_191748.png
📸 Screenshot saved: C:\Automation\netgear-new\target\screenshots\Links of Each sub category_20250328_191749.png
📸 Screenshot saved: C:\Automation\netgear-new\target\screenshots\Links of Each sub category_20250328_191749.png
📸 Screenshot saved: C:\Automation\netgear-new\target\screenshots\Links of Each sub category_20250328_191750.png
📸 Screenshot saved: C:\Automation\netgear-new\target\screenshots\Links of Each sub category_20250328_191750.png
📸 Screenshot saved: C:\Automation\netgear-new\target\screenshots\Links of Each sub category_20250328_191750.png
📸 Screenshot saved: C:\Automation\netgear-new\target\screenshots\Links of Each sub category_20250328_191751.png
📸 Screenshot saved: C:\Automation\netgear-new\target\screenshots\Links of Each sub category_20250328_191751.png
📸 Screenshot saved: C:\Automation\netgear-new\target\screenshots\Links of Each sub category_20250328_191752.png
📸 Screenshot saved: C:\Automation\netgear-new\target\screenshots\Links of Each sub category_20250328_191752.png
📸 Screenshot saved: C:\Automation\netgear-new\target\screenshots\Links of Each sub category_20250328_191753.png
📸 Screenshot saved: C:\Automation\netgear-new\target\screenshots\Links of Each sub category_20250328_191753.png
📸 Screenshot saved: C:\Automation\netgear-new\target\screenshots\Links of Each sub category_20250328_191754.png
📸 Screenshot saved: C:\Automation\netgear-new\target\screenshots\Links of Each sub category_20250328_191754.png
📸 Screenshot saved: C:\Automation\netgear-new\target\screenshots\Links of Each sub category_20250328_191754.png
📸 Screenshot saved: C:\Automation\netgear-new\target\screenshots\Links of Each sub category_20250328_191755.png
📸 Screenshot saved: C:\Automation\netgear-new\target\screenshots\Links of Each sub category_20250328_191755.png
📸 Screenshot saved: C:\Automation\netgear-new\target\screenshots\Links of Each sub category_20250328_191756.png
📸 Screenshot saved: C:\Automation\netgear-new\target\screenshots\Links of Each sub category_20250328_191756.png
📸 Screenshot saved: C:\Automation\netgear-new\target\screenshots\Links of Each sub category_20250328_191757.png
📸 Screenshot saved: C:\Automation\netgear-new\target\screenshots\Links of Each sub category_20250328_191757.png
📸 Screenshot saved: C:\Automation\netgear-new\target\screenshots\Links of Each sub category_20250328_191758.png
📸 Screenshot saved: C:\Automation\netgear-new\target\screenshots\Links of Each sub category_20250328_191758.png
📸 Screenshot saved: C:\Automation\netgear-new\target\screenshots\Links of Each sub category_20250328_191759.png
📸 Screenshot saved: C:\Automation\netgear-new\target\screenshots\Links of Each sub category_20250328_191759.png
📸 Screenshot saved: C:\Automation\netgear-new\target\screenshots\Links of Each sub category_20250328_191759.png
📸 Screenshot saved: C:\Automation\netgear-new\target\screenshots\Links of Each sub category_20250328_191800.png
📸 Screenshot saved: C:\Automation\netgear-new\target\screenshots\Links of Each sub category_20250328_191800.png
📸 Screenshot saved: C:\Automation\netgear-new\target\screenshots\Links of Each sub category_20250328_191801.png
📸 Screenshot saved: C:\Automation\netgear-new\target\screenshots\Links of Each sub category_20250328_191801.png
📸 Screenshot saved: C:\Automation\netgear-new\target\screenshots\Links of Each sub category_20250328_191802.png
📸 Screenshot saved: C:\Automation\netgear-new\target\screenshots\Links of Each sub category_20250328_191802.png
📸 Screenshot saved: C:\Automation\netgear-new\target\screenshots\Links of Each sub category_20250328_191803.png
📸 Screenshot saved: C:\Automation\netgear-new\target\screenshots\Links of Each sub category_20250328_191803.png
📸 Screenshot saved: C:\Automation\netgear-new\target\screenshots\Links of Each sub category_20250328_191803.png
📸 Screenshot saved: C:\Automation\netgear-new\target\screenshots\Links of Each sub category_20250328_191804.png
📸 Screenshot saved: C:\Automation\netgear-new\target\screenshots\Links of Each sub category_20250328_191804.png
📸 Screenshot saved: C:\Automation\netgear-new\target\screenshots\Links of Each sub category_20250328_191805.png
📸 Screenshot saved: C:\Automation\netgear-new\target\screenshots\Links of Each sub category_20250328_191805.png
📸 Screenshot saved: C:\Automation\netgear-new\target\screenshots\Links of Each sub category_20250328_191806.png
📸 Screenshot saved: C:\Automation\netgear-new\target\screenshots\Links of Each sub category_20250328_191806.png
📸 Screenshot saved: C:\Automation\netgear-new\target\screenshots\Links of Each sub category_20250328_191807.png
📸 Screenshot saved: C:\Automation\netgear-new\target\screenshots\Links of Each sub category_20250328_191807.png
📸 Screenshot saved: C:\Automation\netgear-new\target\screenshots\Links of Each sub category_20250328_191808.png
📸 Screenshot saved: C:\Automation\netgear-new\target\screenshots\Links of Each sub category_20250328_191808.png
📸 Screenshot saved: C:\Automation\netgear-new\target\screenshots\Links of Each sub category_20250328_191808.png
📸 Screenshot saved: C:\Automation\netgear-new\target\screenshots\Links of Each sub category_20250328_191809.png
📸 Screenshot saved: C:\Automation\netgear-new\target\screenshots\Links of Each sub category_20250328_191809.png
📸 Screenshot saved: C:\Automation\netgear-new\target\screenshots\Links of Each sub category_20250328_191810.png
📸 Screenshot saved: C:\Automation\netgear-new\target\screenshots\Links of Each sub category_20250328_191810.png
📸 Screenshot saved: C:\Automation\netgear-new\target\screenshots\Links of Each sub category_20250328_191811.png
📸 Screenshot saved: C:\Automation\netgear-new\target\screenshots\Links of Each sub category_20250328_191811.png
📸 Screenshot saved: C:\Automation\netgear-new\target\screenshots\Links of Each sub category_20250328_191812.png
📸 Screenshot saved: C:\Automation\netgear-new\target\screenshots\Links of Each sub category_20250328_191812.png
📸 Screenshot saved: C:\Automation\netgear-new\target\screenshots\Links of Each sub category_20250328_191812.png
📸 Screenshot saved: C:\Automation\netgear-new\target\screenshots\Links of Each sub category_20250328_191813.png
📸 Screenshot saved: C:\Automation\netgear-new\target\screenshots\Links of Each sub category_20250328_191813.png
📸 Screenshot saved: C:\Automation\netgear-new\target\screenshots\Links of Each sub category_20250328_191814.png
📸 Screenshot saved: C:\Automation\netgear-new\target\screenshots\Links of Each sub category_20250328_191814.png
📸 Screenshot saved: C:\Automation\netgear-new\target\screenshots\Links of Each sub category_20250328_191815.png
📸 Screenshot saved: C:\Automation\netgear-new\target\screenshots\Links of Each sub category_20250328_191815.png
📸 Screenshot saved: C:\Automation\netgear-new\target\screenshots\Links of Each sub category_20250328_191816.png
📸 Screenshot saved: C:\Automation\netgear-new\target\screenshots\Links of Each sub category_20250328_191816.png
📸 Screenshot saved: C:\Automation\netgear-new\target\screenshots\Links of Each sub category_20250328_191817.png
📸 Screenshot saved: C:\Automation\netgear-new\target\screenshots\Links of Each sub category_20250328_191817.png
📸 Screenshot saved: C:\Automation\netgear-new\target\screenshots\Links of Each sub category_20250328_191817.png
📸 Screenshot saved: C:\Automation\netgear-new\target\screenshots\Links of Each sub category_20250328_191818.png
📸 Screenshot saved: C:\Automation\netgear-new\target\screenshots\Links of Each sub category_20250328_191818.png
📸 Screenshot saved: C:\Automation\netgear-new\target\screenshots\Links of Each sub category_20250328_191819.png
📸 Screenshot saved: C:\Automation\netgear-new\target\screenshots\Links of Each sub category_20250328_191819.png
📸 Screenshot saved: C:\Automation\netgear-new\target\screenshots\Links of Each sub category_20250328_191820.png
📸 Screenshot saved: C:\Automation\netgear-new\target\screenshots\Links of Each sub category_20250328_191820.png
📸 Screenshot saved: C:\Automation\netgear-new\target\screenshots\Links of Each sub category_20250328_191821.png
📸 Screenshot saved: C:\Automation\netgear-new\target\screenshots\Links of Each sub category_20250328_191821.png
📸 Screenshot saved: C:\Automation\netgear-new\target\screenshots\Links of Each sub category_20250328_191821.png
📸 Screenshot saved: C:\Automation\netgear-new\target\screenshots\Links of Each sub category_20250328_191822.png
📸 Screenshot saved: C:\Automation\netgear-new\target\screenshots\Links of Each sub category_20250328_191822.png
📸 Screenshot saved: C:\Automation\netgear-new\target\screenshots\Links of Each sub category_20250328_191823.png
📸 Screenshot saved: C:\Automation\netgear-new\target\screenshots\Links of Each sub category_20250328_191823.png
📸 Screenshot saved: C:\Automation\netgear-new\target\screenshots\Links of Each sub category_20250328_191824.png
📸 Screenshot saved: C:\Automation\netgear-new\target\screenshots\Links of Each sub category_20250328_191824.png
📸 Screenshot saved: C:\Automation\netgear-new\target\screenshots\Links of Each sub category_20250328_191825.png
📸 Screenshot saved: C:\Automation\netgear-new\target\screenshots\Links of Each sub category_20250328_191825.png
📸 Screenshot saved: C:\Automation\netgear-new\target\screenshots\Links of Each sub category_20250328_191825.png
📸 Screenshot saved: C:\Automation\netgear-new\target\screenshots\Links of Each sub category_20250328_191826.png
📸 Screenshot saved: C:\Automation\netgear-new\target\screenshots\Links of Each sub category_20250328_191826.png
📸 Screenshot saved: C:\Automation\netgear-new\target\screenshots\Links of Each sub category_20250328_191827.png
📸 Screenshot saved: C:\Automation\netgear-new\target\screenshots\Links of Each sub category_20250328_191827.png
📸 Screenshot saved: C:\Automation\netgear-new\target\screenshots\Links of Each sub category_20250328_191828.png
📸 Screenshot saved: C:\Automation\netgear-new\target\screenshots\Links of Each sub category_20250328_191828.png
📸 Screenshot saved: C:\Automation\netgear-new\target\screenshots\Links of Each sub category_20250328_191829.png
📸 Screenshot saved: C:\Automation\netgear-new\target\screenshots\Links of Each sub category_20250328_191829.png
📸 Screenshot saved: C:\Automation\netgear-new\target\screenshots\Links of Each sub category_20250328_191830.png
📸 Screenshot saved: C:\Automation\netgear-new\target\screenshots\Links of Each sub category_20250328_191830.png
📸 Screenshot saved: C:\Automation\netgear-new\target\screenshots\Links of Each sub category_20250328_191830.png
📸 Screenshot saved: C:\Automation\netgear-new\target\screenshots\Links of Each sub category_20250328_191831.png
📸 Screenshot saved: C:\Automation\netgear-new\target\screenshots\Links of Each sub category_20250328_191831.png
📸 Screenshot saved: C:\Automation\netgear-new\target\screenshots\before_scroll_20250328_191832.png
📸 Screenshot saved: C:\Automation\netgear-new\target\screenshots\After_Scroll_20250328_191837.png
📸 Screenshot saved: C:\Automation\netgear-new\target\screenshots\Before_When wifi router is highlighted pink_20250328_191843.png
📸 Screenshot saved: C:\Automation\netgear-new\target\screenshots\After_When wifi router is highlighted pink_20250328_191843.png
📸 Screenshot saved: C:\Automation\netgear-new\target\screenshots\After_click_20250328_191849.png
Wifi Router element after click : WiFi Routers
📸 Screenshot saved: C:\Automation\netgear-new\target\screenshots\After_Entering For loop_20250328_191853.png
📸 Screenshot saved: C:\Automation\netgear-new\target\screenshots\When current sub category is highlighted green_20250328_191853.png
Current sub category text value : Nighthawk AC Routers
📸 Screenshot saved: C:\Automation\netgear-new\target\screenshots\Before Print_20250328_191854.png
The dom Element is : support-nighthawk-ac-routers
📸 Screenshot saved: C:\Automation\netgear-new\target\screenshots\After Print_20250328_191854.png
📸 Screenshot saved: C:\Automation\netgear-new\target\screenshots\SubCategory before click_20250328_191854.png
📸 Screenshot saved: C:\Automation\netgear-new\target\screenshots\SubCategory after click_20250328_191855.png
📸 Screenshot saved: C:\Automation\netgear-new\target\screenshots\Links of Each sub category_20250328_191857.png
📸 Screenshot saved: C:\Automation\netgear-new\target\screenshots\Links of Each sub category_20250328_191858.png
📸 Screenshot saved: C:\Automation\netgear-new\target\screenshots\Links of Each sub category_20250328_191858.png
📸 Screenshot saved: C:\Automation\netgear-new\target\screenshots\Links of Each sub category_20250328_191859.png
📸 Screenshot saved: C:\Automation\netgear-new\target\screenshots\Links of Each sub category_20250328_191859.png
📸 Screenshot saved: C:\Automation\netgear-new\target\screenshots\Links of Each sub category_20250328_191900.png
📸 Screenshot saved: C:\Automation\netgear-new\target\screenshots\Links of Each sub category_20250328_191900.png
📸 Screenshot saved: C:\Automation\netgear-new\target\screenshots\Links of Each sub category_20250328_191901.png
📸 Screenshot saved: C:\Automation\netgear-new\target\screenshots\Links of Each sub category_20250328_191901.png
📸 Screenshot saved: C:\Automation\netgear-new\target\screenshots\Links of Each sub category_20250328_191902.png
📸 Screenshot saved: C:\Automation\netgear-new\target\screenshots\Links of Each sub category_20250328_191902.png
📸 Screenshot saved: C:\Automation\netgear-new\target\screenshots\Links of Each sub category_20250328_191902.png
📸 Screenshot saved: C:\Automation\netgear-new\target\screenshots\Links of Each sub category_20250328_191903.png
📸 Screenshot saved: C:\Automation\netgear-new\target\screenshots\Links of Each sub category_20250328_191903.png
📸 Screenshot saved: C:\Automation\netgear-new\target\screenshots\Links of Each sub category_20250328_191904.png
📸 Screenshot saved: C:\Automation\netgear-new\target\screenshots\Links of Each sub category_20250328_191904.png
📸 Screenshot saved: C:\Automation\netgear-new\target\screenshots\Links of Each sub category_20250328_191905.png
📸 Screenshot saved: C:\Automation\netgear-new\target\screenshots\Links of Each sub category_20250328_191905.png
📸 Screenshot saved: C:\Automation\netgear-new\target\screenshots\Links of Each sub category_20250328_191906.png
📸 Screenshot saved: C:\Automation\netgear-new\target\screenshots\Links of Each sub category_20250328_191906.png
📸 Screenshot saved: C:\Automation\netgear-new\target\screenshots\Links of Each sub category_20250328_191907.png
📸 Screenshot saved: C:\Automation\netgear-new\target\screenshots\Links of Each sub category_20250328_191907.png
📸 Screenshot saved: C:\Automation\netgear-new\target\screenshots\Links of Each sub category_20250328_191907.png
📸 Screenshot saved: C:\Automation\netgear-new\target\screenshots\Links of Each sub category_20250328_191908.png
📸 Screenshot saved: C:\Automation\netgear-new\target\screenshots\Links of Each sub category_20250328_191908.png
📸 Screenshot saved: C:\Automation\netgear-new\target\screenshots\Links of Each sub category_20250328_191909.png
📸 Screenshot saved: C:\Automation\netgear-new\target\screenshots\Links of Each sub category_20250328_191909.png
📸 Screenshot saved: C:\Automation\netgear-new\target\screenshots\Links of Each sub category_20250328_191910.png
📸 Screenshot saved: C:\Automation\netgear-new\target\screenshots\Links of Each sub category_20250328_191910.png
📸 Screenshot saved: C:\Automation\netgear-new\target\screenshots\Links of Each sub category_20250328_191911.png
📸 Screenshot saved: C:\Automation\netgear-new\target\screenshots\before_scroll_20250328_191911.png
📸 Screenshot saved: C:\Automation\netgear-new\target\screenshots\After_Scroll_20250328_191917.png
📸 Screenshot saved: C:\Automation\netgear-new\target\screenshots\Before_When wifi router is highlighted pink_20250328_191922.png
📸 Screenshot saved: C:\Automation\netgear-new\target\screenshots\After_When wifi router is highlighted pink_20250328_191923.png
📸 Screenshot saved: C:\Automation\netgear-new\target\screenshots\After_click_20250328_191928.png
Wifi Router element after click : WiFi Routers
📸 Screenshot saved: C:\Automation\netgear-new\target\screenshots\After_Entering For loop_20250328_191932.png
📸 Screenshot saved: C:\Automation\netgear-new\target\screenshots\When current sub category is highlighted green_20250328_191932.png
Current sub category text value : AC Routers
📸 Screenshot saved: C:\Automation\netgear-new\target\screenshots\Before Print_20250328_191933.png
The dom Element is : support-acrouters
📸 Screenshot saved: C:\Automation\netgear-new\target\screenshots\After Print_20250328_191933.png
📸 Screenshot saved: C:\Automation\netgear-new\target\screenshots\SubCategory before click_20250328_191934.png
📸 Screenshot saved: C:\Automation\netgear-new\target\screenshots\SubCategory after click_20250328_191934.png
📸 Screenshot saved: C:\Automation\netgear-new\target\screenshots\Links of Each sub category_20250328_191937.png
📸 Screenshot saved: C:\Automation\netgear-new\target\screenshots\Links of Each sub category_20250328_191937.png
📸 Screenshot saved: C:\Automation\netgear-new\target\screenshots\Links of Each sub category_20250328_191938.png
📸 Screenshot saved: C:\Automation\netgear-new\target\screenshots\Links of Each sub category_20250328_191938.png
📸 Screenshot saved: C:\Automation\netgear-new\target\screenshots\Links of Each sub category_20250328_191938.png
📸 Screenshot saved: C:\Automation\netgear-new\target\screenshots\Links of Each sub category_20250328_191939.png
📸 Screenshot saved: C:\Automation\netgear-new\target\screenshots\Links of Each sub category_20250328_191939.png
📸 Screenshot saved: C:\Automation\netgear-new\target\screenshots\Links of Each sub category_20250328_191940.png
📸 Screenshot saved: C:\Automation\netgear-new\target\screenshots\Links of Each sub category_20250328_191940.png
📸 Screenshot saved: C:\Automation\netgear-new\target\screenshots\Links of Each sub category_20250328_191941.png
📸 Screenshot saved: C:\Automation\netgear-new\target\screenshots\Links of Each sub category_20250328_191941.png
📸 Screenshot saved: C:\Automation\netgear-new\target\screenshots\Links of Each sub category_20250328_191942.png
📸 Screenshot saved: C:\Automation\netgear-new\target\screenshots\Links of Each sub category_20250328_191942.png
📸 Screenshot saved: C:\Automation\netgear-new\target\screenshots\Links of Each sub category_20250328_191943.png
📸 Screenshot saved: C:\Automation\netgear-new\target\screenshots\Links of Each sub category_20250328_191943.png
📸 Screenshot saved: C:\Automation\netgear-new\target\screenshots\Links of Each sub category_20250328_191943.png
📸 Screenshot saved: C:\Automation\netgear-new\target\screenshots\Links of Each sub category_20250328_191944.png
📸 Screenshot saved: C:\Automation\netgear-new\target\screenshots\Links of Each sub category_20250328_191944.png
📸 Screenshot saved: C:\Automation\netgear-new\target\screenshots\Links of Each sub category_20250328_191945.png
📸 Screenshot saved: C:\Automation\netgear-new\target\screenshots\Links of Each sub category_20250328_191945.png
📸 Screenshot saved: C:\Automation\netgear-new\target\screenshots\Links of Each sub category_20250328_191946.png
📸 Screenshot saved: C:\Automation\netgear-new\target\screenshots\Links of Each sub category_20250328_191946.png
📸 Screenshot saved: C:\Automation\netgear-new\target\screenshots\before_scroll_20250328_191947.png
📸 Screenshot saved: C:\Automation\netgear-new\target\screenshots\After_Scroll_20250328_191952.png
📸 Screenshot saved: C:\Automation\netgear-new\target\screenshots\Before_When wifi router is highlighted pink_20250328_191958.png
📸 Screenshot saved: C:\Automation\netgear-new\target\screenshots\After_When wifi router is highlighted pink_20250328_191958.png
📸 Screenshot saved: C:\Automation\netgear-new\target\screenshots\After_click_20250328_192004.png
Wifi Router element after click : WiFi Routers
📸 Screenshot saved: C:\Automation\netgear-new\target\screenshots\After_Entering For loop_20250328_192008.png
📸 Screenshot saved: C:\Automation\netgear-new\target\screenshots\When current sub category is highlighted green_20250328_192008.png
Current sub category text value : Accessories
📸 Screenshot saved: C:\Automation\netgear-new\target\screenshots\Before Print_20250328_192008.png
The dom Element is : support-accessories
📸 Screenshot saved: C:\Automation\netgear-new\target\screenshots\After Print_20250328_192009.png
📸 Screenshot saved: C:\Automation\netgear-new\target\screenshots\SubCategory before click_20250328_192009.png
📸 Screenshot saved: C:\Automation\netgear-new\target\screenshots\SubCategory after click_20250328_192010.png
📸 Screenshot saved: C:\Automation\netgear-new\target\screenshots\Links of Each sub category_20250328_192012.png
📸 Screenshot saved: C:\Automation\netgear-new\target\screenshots\Links of Each sub category_20250328_192013.png
📸 Screenshot saved: C:\Automation\netgear-new\target\screenshots\Links of Each sub category_20250328_192013.png
📸 Screenshot saved: C:\Automation\netgear-new\target\screenshots\Links of Each sub category_20250328_192014.png
📸 Screenshot saved: C:\Automation\netgear-new\target\screenshots\before_scroll_20250328_192014.png
📸 Screenshot saved: C:\Automation\netgear-new\target\screenshots\After_Scroll_20250328_192020.png
📸 Screenshot saved: C:\Automation\netgear-new\target\screenshots\Before_When wifi router is highlighted pink_20250328_192025.png
📸 Screenshot saved: C:\Automation\netgear-new\target\screenshots\After_When wifi router is highlighted pink_20250328_192026.png
📸 Screenshot saved: C:\Automation\netgear-new\target\screenshots\After_click_20250328_192031.png
Wifi Router element after click : WiFi Routers
📸 Screenshot saved: C:\Automation\netgear-new\target\screenshots\After_Entering For loop_20250328_192035.png
📸 Screenshot saved: C:\Automation\netgear-new\target\screenshots\When current sub category is highlighted green_20250328_192035.png
Current sub category text value : Router Features
📸 Screenshot saved: C:\Automation\netgear-new\target\screenshots\Before Print_20250328_192036.png
The dom Element is : support-routers-apps
📸 Screenshot saved: C:\Automation\netgear-new\target\screenshots\After Print_20250328_192036.png
📸 Screenshot saved: C:\Automation\netgear-new\target\screenshots\SubCategory before click_20250328_192037.png
📸 Screenshot saved: C:\Automation\netgear-new\target\screenshots\SubCategory after click_20250328_192037.png
📸 Screenshot saved: C:\Automation\netgear-new\target\screenshots\Links of Each sub category_20250328_192040.png
📸 Screenshot saved: C:\Automation\netgear-new\target\screenshots\Links of Each sub category_20250328_192040.png
📸 Screenshot saved: C:\Automation\netgear-new\target\screenshots\Links of Each sub category_20250328_192041.png
📸 Screenshot saved: C:\Automation\netgear-new\target\screenshots\Links of Each sub category_20250328_192041.png
📸 Screenshot saved: C:\Automation\netgear-new\target\screenshots\Links of Each sub category_20250328_192041.png
📸 Screenshot saved: C:\Automation\netgear-new\target\screenshots\Links of Each sub category_20250328_192042.png
📸 Screenshot saved: C:\Automation\netgear-new\target\screenshots\Links of Each sub category_20250328_192042.png
📸 Screenshot saved: C:\Automation\netgear-new\target\screenshots\before_scroll_20250328_192043.png
📸 Screenshot saved: C:\Automation\netgear-new\target\screenshots\After_Scroll_20250328_192048.png
📸 Screenshot saved: C:\Automation\netgear-new\target\screenshots\Before_When wifi router is highlighted pink_20250328_192054.png
📸 Screenshot saved: C:\Automation\netgear-new\target\screenshots\After_When wifi router is highlighted pink_20250328_192054.png
📸 Screenshot saved: C:\Automation\netgear-new\target\screenshots\After_click_20250328_192100.png
Wifi Router element after click : WiFi Routers
📸 Screenshot saved: C:\Automation\netgear-new\target\screenshots\After_Entering For loop_20250328_192104.png
📸 Screenshot saved: C:\Automation\netgear-new\target\screenshots\When current sub category is highlighted green_20250328_192104.png
Current sub category text value : Legacy Routers
📸 Screenshot saved: C:\Automation\netgear-new\target\screenshots\Before Print_20250328_192105.png
The dom Element is : support-legacy-routers
📸 Screenshot saved: C:\Automation\netgear-new\target\screenshots\After Print_20250328_192105.png
📸 Screenshot saved: C:\Automation\netgear-new\target\screenshots\SubCategory before click_20250328_192105.png
📸 Screenshot saved: C:\Automation\netgear-new\target\screenshots\SubCategory after click_20250328_192106.png
📸 Screenshot saved: C:\Automation\netgear-new\target\screenshots\Links of Each sub category_20250328_192108.png
📸 Screenshot saved: C:\Automation\netgear-new\target\screenshots\Links of Each sub category_20250328_192109.png
📸 Screenshot saved: C:\Automation\netgear-new\target\screenshots\Links of Each sub category_20250328_192109.png
📸 Screenshot saved: C:\Automation\netgear-new\target\screenshots\Links of Each sub category_20250328_192110.png
📸 Screenshot saved: C:\Automation\netgear-new\target\screenshots\Links of Each sub category_20250328_192110.png
📸 Screenshot saved: C:\Automation\netgear-new\target\screenshots\Links of Each sub category_20250328_192111.png
📸 Screenshot saved: C:\Automation\netgear-new\target\screenshots\Links of Each sub category_20250328_192111.png
📸 Screenshot saved: C:\Automation\netgear-new\target\screenshots\Links of Each sub category_20250328_192112.png
📸 Screenshot saved: C:\Automation\netgear-new\target\screenshots\Links of Each sub category_20250328_192112.png
📸 Screenshot saved: C:\Automation\netgear-new\target\screenshots\Links of Each sub category_20250328_192113.png
📸 Screenshot saved: C:\Automation\netgear-new\target\screenshots\Links of Each sub category_20250328_192113.png
📸 Screenshot saved: C:\Automation\netgear-new\target\screenshots\Links of Each sub category_20250328_192113.png
📸 Screenshot saved: C:\Automation\netgear-new\target\screenshots\Links of Each sub category_20250328_192114.png
📸 Screenshot saved: C:\Automation\netgear-new\target\screenshots\Links of Each sub category_20250328_192114.png
📸 Screenshot saved: C:\Automation\netgear-new\target\screenshots\Links of Each sub category_20250328_192115.png
📸 Screenshot saved: C:\Automation\netgear-new\target\screenshots\Links of Each sub category_20250328_192115.png
📸 Screenshot saved: C:\Automation\netgear-new\target\screenshots\Links of Each sub category_20250328_192116.png
📸 Screenshot saved: C:\Automation\netgear-new\target\screenshots\Links of Each sub category_20250328_192116.png
📸 Screenshot saved: C:\Automation\netgear-new\target\screenshots\Links of Each sub category_20250328_192117.png
📸 Screenshot saved: C:\Automation\netgear-new\target\screenshots\Links of Each sub category_20250328_192117.png
📸 Screenshot saved: C:\Automation\netgear-new\target\screenshots\Links of Each sub category_20250328_192118.png
📸 Screenshot saved: C:\Automation\netgear-new\target\screenshots\Links of Each sub category_20250328_192118.png
📸 Screenshot saved: C:\Automation\netgear-new\target\screenshots\Links of Each sub category_20250328_192118.png
📸 Screenshot saved: C:\Automation\netgear-new\target\screenshots\Links of Each sub category_20250328_192119.png
📸 Screenshot saved: C:\Automation\netgear-new\target\screenshots\Links of Each sub category_20250328_192119.png
📸 Screenshot saved: C:\Automation\netgear-new\target\screenshots\Links of Each sub category_20250328_192120.png
📸 Screenshot saved: C:\Automation\netgear-new\target\screenshots\Links of Each sub category_20250328_192120.png
📸 Screenshot saved: C:\Automation\netgear-new\target\screenshots\Links of Each sub category_20250328_192121.png
📸 Screenshot saved: C:\Automation\netgear-new\target\screenshots\Links of Each sub category_20250328_192121.png
📸 Screenshot saved: C:\Automation\netgear-new\target\screenshots\Links of Each sub category_20250328_192122.png
📸 Screenshot saved: C:\Automation\netgear-new\target\screenshots\Links of Each sub category_20250328_192122.png
📸 Screenshot saved: C:\Automation\netgear-new\target\screenshots\Links of Each sub category_20250328_192122.png
📸 Screenshot saved: C:\Automation\netgear-new\target\screenshots\Links of Each sub category_20250328_192123.png
📸 Screenshot saved: C:\Automation\netgear-new\target\screenshots\Links of Each sub category_20250328_192123.png
📸 Screenshot saved: C:\Automation\netgear-new\target\screenshots\Links of Each sub category_20250328_192124.png
📸 Screenshot saved: C:\Automation\netgear-new\target\screenshots\Links of Each sub category_20250328_192124.png
📸 Screenshot saved: C:\Automation\netgear-new\target\screenshots\Links of Each sub category_20250328_192125.png
📸 Screenshot saved: C:\Automation\netgear-new\target\screenshots\Links of Each sub category_20250328_192125.png
📸 Screenshot saved: C:\Automation\netgear-new\target\screenshots\Links of Each sub category_20250328_192126.png
📸 Screenshot saved: C:\Automation\netgear-new\target\screenshots\Links of Each sub category_20250328_192126.png
📸 Screenshot saved: C:\Automation\netgear-new\target\screenshots\Links of Each sub category_20250328_192126.png
📸 Screenshot saved: C:\Automation\netgear-new\target\screenshots\Links of Each sub category_20250328_192127.png
📸 Screenshot saved: C:\Automation\netgear-new\target\screenshots\Links of Each sub category_20250328_192127.png
📸 Screenshot saved: C:\Automation\netgear-new\target\screenshots\Links of Each sub category_20250328_192128.png
📸 Screenshot saved: C:\Automation\netgear-new\target\screenshots\Links of Each sub category_20250328_192128.png
📸 Screenshot saved: C:\Automation\netgear-new\target\screenshots\Links of Each sub category_20250328_192129.png
📸 Screenshot saved: C:\Automation\netgear-new\target\screenshots\Links of Each sub category_20250328_192129.png
📸 Screenshot saved: C:\Automation\netgear-new\target\screenshots\Links of Each sub category_20250328_192130.png
📸 Screenshot saved: C:\Automation\netgear-new\target\screenshots\Links of Each sub category_20250328_192130.png
📸 Screenshot saved: C:\Automation\netgear-new\target\screenshots\Links of Each sub category_20250328_192131.png
📸 Screenshot saved: C:\Automation\netgear-new\target\screenshots\Links of Each sub category_20250328_192131.png
📸 Screenshot saved: C:\Automation\netgear-new\target\screenshots\Links of Each sub category_20250328_192131.png
📸 Screenshot saved: C:\Automation\netgear-new\target\screenshots\Links of Each sub category_20250328_192132.png
📸 Screenshot saved: C:\Automation\netgear-new\target\screenshots\Links of Each sub category_20250328_192132.png
📸 Screenshot saved: C:\Automation\netgear-new\target\screenshots\Links of Each sub category_20250328_192133.png
📸 Screenshot saved: C:\Automation\netgear-new\target\screenshots\Links of Each sub category_20250328_192133.png
📸 Screenshot saved: C:\Automation\netgear-new\target\screenshots\Links of Each sub category_20250328_192134.png
📸 Screenshot saved: C:\Automation\netgear-new\target\screenshots\Links of Each sub category_20250328_192134.png
📸 Screenshot saved: C:\Automation\netgear-new\target\screenshots\Links of Each sub category_20250328_192135.png
📸 Screenshot saved: C:\Automation\netgear-new\target\screenshots\Links of Each sub category_20250328_192135.png
📸 Screenshot saved: C:\Automation\netgear-new\target\screenshots\Links of Each sub category_20250328_192135.png
📸 Screenshot saved: C:\Automation\netgear-new\target\screenshots\Links of Each sub category_20250328_192136.png
📸 Screenshot saved: C:\Automation\netgear-new\target\screenshots\Links of Each sub category_20250328_192136.png
📸 Screenshot saved: C:\Automation\netgear-new\target\screenshots\Links of Each sub category_20250328_192137.png
📸 Screenshot saved: C:\Automation\netgear-new\target\screenshots\Links of Each sub category_20250328_192137.png
📸 Screenshot saved: C:\Automation\netgear-new\target\screenshots\Links of Each sub category_20250328_192138.png
📸 Screenshot saved: C:\Automation\netgear-new\target\screenshots\Links of Each sub category_20250328_192138.png
📸 Screenshot saved: C:\Automation\netgear-new\target\screenshots\Links of Each sub category_20250328_192139.png
📸 Screenshot saved: C:\Automation\netgear-new\target\screenshots\Links of Each sub category_20250328_192139.png
📸 Screenshot saved: C:\Automation\netgear-new\target\screenshots\Links of Each sub category_20250328_192140.png
📸 Screenshot saved: C:\Automation\netgear-new\target\screenshots\Links of Each sub category_20250328_192140.png
📸 Screenshot saved: C:\Automation\netgear-new\target\screenshots\Links of Each sub category_20250328_192140.png
📸 Screenshot saved: C:\Automation\netgear-new\target\screenshots\Links of Each sub category_20250328_192141.png
📸 Screenshot saved: C:\Automation\netgear-new\target\screenshots\Links of Each sub category_20250328_192141.png
📸 Screenshot saved: C:\Automation\netgear-new\target\screenshots\Links of Each sub category_20250328_192142.png
📸 Screenshot saved: C:\Automation\netgear-new\target\screenshots\Links of Each sub category_20250328_192142.png
📸 Screenshot saved: C:\Automation\netgear-new\target\screenshots\Links of Each sub category_20250328_192143.png
📸 Screenshot saved: C:\Automation\netgear-new\target\screenshots\Links of Each sub category_20250328_192143.png
📸 Screenshot saved: C:\Automation\netgear-new\target\screenshots\Links of Each sub category_20250328_192144.png
📸 Screenshot saved: C:\Automation\netgear-new\target\screenshots\Links of Each sub category_20250328_192144.png
📸 Screenshot saved: C:\Automation\netgear-new\target\screenshots\Links of Each sub category_20250328_192145.png
📸 Screenshot saved: C:\Automation\netgear-new\target\screenshots\Links of Each sub category_20250328_192145.png
📸 Screenshot saved: C:\Automation\netgear-new\target\screenshots\Links of Each sub category_20250328_192145.png
📸 Screenshot saved: C:\Automation\netgear-new\target\screenshots\Links of Each sub category_20250328_192146.png
📸 Screenshot saved: C:\Automation\netgear-new\target\screenshots\Links of Each sub category_20250328_192146.png
📸 Screenshot saved: C:\Automation\netgear-new\target\screenshots\Links of Each sub category_20250328_192147.png
📸 Screenshot saved: C:\Automation\netgear-new\target\screenshots\Links of Each sub category_20250328_192147.png
📸 Screenshot saved: C:\Automation\netgear-new\target\screenshots\Links of Each sub category_20250328_192148.png
📸 Screenshot saved: C:\Automation\netgear-new\target\screenshots\Links of Each sub category_20250328_192148.png
📸 Screenshot saved: C:\Automation\netgear-new\target\screenshots\Links of Each sub category_20250328_192149.png
📸 Screenshot saved: C:\Automation\netgear-new\target\screenshots\Links of Each sub category_20250328_192149.png
📸 Screenshot saved: C:\Automation\netgear-new\target\screenshots\Links of Each sub category_20250328_192149.png
📸 Screenshot saved: C:\Automation\netgear-new\target\screenshots\Links of Each sub category_20250328_192150.png
📸 Screenshot saved: C:\Automation\netgear-new\target\screenshots\Links of Each sub category_20250328_192150.png
📸 Screenshot saved: C:\Automation\netgear-new\target\screenshots\Links of Each sub category_20250328_192151.png
📸 Screenshot saved: C:\Automation\netgear-new\target\screenshots\before_scroll_20250328_192151.png
📸 Screenshot saved: C:\Automation\netgear-new\target\screenshots\After_Scroll_20250328_192157.png
📸 Screenshot saved: C:\Automation\netgear-new\target\screenshots\Before_When wifi router is highlighted pink_20250328_192202.png
📸 Screenshot saved: C:\Automation\netgear-new\target\screenshots\After_When wifi router is highlighted pink_20250328_192203.png
📸 Screenshot saved: C:\Automation\netgear-new\target\screenshots\After_click_20250328_192208.png
Wifi Router element after click : WiFi Routers
The link is*********** :https://stagesupport.netgear.com/support/product/be17000/
The elements text size under current version of above link********** : 3
Total links are 4
Link is:*********** https://www.downloads.netgear.com/files/GDC/BE17000/BE17000-V1.0.1.74.zip
Link is:*********** https://kb.netgear.com/000066601
Link is:*********** https://play.google.com/store/apps/details?id=com.netgear.netgearup&hl=en
Link is:*********** https://itunes.apple.com/us/app/netgear-up/id1124666597?mt=8
The link is*********** :https://stagesupport.netgear.com/support/product/be9300/
The elements text size under current version of above link********** : 3
Total links are 4
Link is:*********** https://www.downloads.netgear.com/files/GDC/BE9300/BE9300-V1.0.1.74.zip
Link is:*********** https://kb.netgear.com/000066585
Link is:*********** https://play.google.com/store/apps/details?id=com.netgear.netgearup&hl=en
Link is:*********** https://itunes.apple.com/us/app/netgear-up/id1124666597?mt=8
The link is*********** :https://stagesupport.netgear.com/support/product/rs100/
The elements text size under current version of above link********** : 3
Total links are 4
Link is:*********** https://www.downloads.netgear.com/files/GDC/RS100/RS100_V1.0.1.80.zip
Link is:*********** https://kb.netgear.com/000066618
Link is:*********** https://play.google.com/store/apps/details?id=com.netgear.netgearup&hl=en
Link is:*********** https://itunes.apple.com/us/app/netgear-up/id1124666597?mt=8
The link is*********** :https://stagesupport.netgear.com/support/product/rs130/
The elements text size under current version of above link********** : 2
Total links are 2
Link is:*********** https://play.google.com/store/apps/details?id=com.netgear.netgearup&hl=en
Link is:*********** https://itunes.apple.com/us/app/netgear-up/id1124666597?mt=8
The link is*********** :https://stagesupport.netgear.com/support/product/rs140/
The elements text size under current version of above link********** : 2
Total links are 2
Link is:*********** https://play.google.com/store/apps/details?id=com.netgear.netgearup&hl=en
Link is:*********** https://itunes.apple.com/us/app/netgear-up/id1124666597?mt=8
The link is*********** :https://stagesupport.netgear.com/support/product/rs150/
The elements text size under current version of above link********** : 3
Total links are 4
Link is:*********** https://www.downloads.netgear.com/files/GDC/RS150/RS150-V1.0.1.74.zip
Link is:*********** https://kb.netgear.com/000066568
Link is:*********** https://play.google.com/store/apps/details?id=com.netgear.netgearup&hl=en
Link is:*********** https://itunes.apple.com/us/app/netgear-up/id1124666597?mt=8
The link is*********** :https://stagesupport.netgear.com/support/product/rs150v2/
The elements text size under current version of above link********** : 3
Total links are 4
Link is:*********** https://www.downloads.netgear.com/files/GDC/RS150v2/RS150v2-V1.0.1.74.zip
Link is:*********** https://kb.netgear.com/000066612
Link is:*********** https://play.google.com/store/apps/details?id=com.netgear.netgearup&hl=en
Link is:*********** https://itunes.apple.com/us/app/netgear-up/id1124666597?mt=8
The link is*********** :https://stagesupport.netgear.com/support/product/rs180/
The elements text size under current version of above link********** : 2
Total links are 2
Link is:*********** https://play.google.com/store/apps/details?id=com.netgear.netgearup&hl=en
Link is:*********** https://itunes.apple.com/us/app/netgear-up/id1124666597?mt=8
The link is*********** :https://stagesupport.netgear.com/support/product/rs200/
The elements text size under current version of above link********** : 3
Total links are 4
Link is:*********** https://www.downloads.netgear.com/files/GDC/RS200/RS200-V1.0.1.74.zip
Link is:*********** https://kb.netgear.com/000066567
Link is:*********** https://play.google.com/store/apps/details?id=com.netgear.netgearup&hl=en
Link is:*********** https://itunes.apple.com/us/app/netgear-up/id1124666597?mt=8
The link is*********** :https://stagesupport.netgear.com/support/product/rs200v2/
The elements text size under current version of above link********** : 2
Total links are 2
Link is:*********** https://play.google.com/store/apps/details?id=com.netgear.netgearup&hl=en
Link is:*********** https://itunes.apple.com/us/app/netgear-up/id1124666597?mt=8
The link is*********** :https://stagesupport.netgear.com/support/product/rs280/
The elements text size under current version of above link********** : 3
Total links are 4
Link is:*********** https://www.downloads.netgear.com/files/GDC/RS280S/RS280S-V1.0.1.74.zip
Link is:*********** https://kb.netgear.com/000066584
Link is:*********** https://play.google.com/store/apps/details?id=com.netgear.netgearup&hl=en
Link is:*********** https://itunes.apple.com/us/app/netgear-up/id1124666597?mt=8
The link is*********** :https://stagesupport.netgear.com/support/product/rs280s/
The elements text size under current version of above link********** : 3
Total links are 4
Link is:*********** https://www.downloads.netgear.com/files/GDC/RS280S/RS280S-V1.0.1.74.zip
Link is:*********** https://kb.netgear.com/000066584
Link is:*********** https://play.google.com/store/apps/details?id=com.netgear.netgearup&hl=en
Link is:*********** https://itunes.apple.com/us/app/netgear-up/id1124666597?mt=8
The link is*********** :https://stagesupport.netgear.com/support/product/rs300/
The elements text size under current version of above link********** : 3
Total links are 4
Link is:*********** https://www.downloads.netgear.com/files/GDC/RS300/RS300-V1.0.1.74.zip
Link is:*********** https://kb.netgear.com/000066583
Link is:*********** https://play.google.com/store/apps/details?id=com.netgear.netgearup&hl=en
Link is:*********** https://itunes.apple.com/us/app/netgear-up/id1124666597?mt=8
The link is*********** :https://stagesupport.netgear.com/support/product/rs500/
The elements text size under current version of above link********** : 3
Total links are 4
Link is:*********** https://www.downloads.netgear.com/files/GDC/RS500/RS500-V1.0.1.74.zip
Link is:*********** https://kb.netgear.com/000066566
Link is:*********** https://play.google.com/store/apps/details?id=com.netgear.netgearup&hl=en
Link is:*********** https://itunes.apple.com/us/app/netgear-up/id1124666597?mt=8
The link is*********** :https://stagesupport.netgear.com/support/product/rs600/
The elements text size under current version of above link********** : 3
Total links are 4
Link is:*********** https://www.downloads.netgear.com/files/GDC/RS600/RS600-V1.0.1.74.zip
Link is:*********** https://kb.netgear.com/000066528
Link is:*********** https://play.google.com/store/apps/details?id=com.netgear.netgearup&hl=en
Link is:*********** https://itunes.apple.com/us/app/netgear-up/id1124666597?mt=8
The link is*********** :https://stagesupport.netgear.com/support/product/rs70/
The elements text size under current version of above link********** : 3
Total links are 4
Link is:*********** https://www.downloads.netgear.com/files/GDC/RS70/RS70-V1.0.1.80.zip
Link is:*********** https://kb.netgear.com/000066616
Link is:*********** https://play.google.com/store/apps/details?id=com.netgear.netgearup&hl=en
Link is:*********** https://itunes.apple.com/us/app/netgear-up/id1124666597?mt=8
The link is*********** :https://stagesupport.netgear.com/support/product/rs700/
The elements text size under current version of above link********** : 3
Total links are 4
Link is:*********** https://www.downloads.netgear.com/files/GDC/RS700S/RS700S-V1.0.7.96.zip
Link is:*********** https://kb.netgear.com/000066519/
Link is:*********** https://play.google.com/store/apps/details?id=com.netgear.netgearup&hl=en
Link is:*********** https://itunes.apple.com/us/app/netgear-up/id1124666597?mt=8
The link is*********** :https://stagesupport.netgear.com/support/product/rs700s/
The elements text size under current version of above link********** : 3
Total links are 4
Link is:*********** https://www.downloads.netgear.com/files/GDC/RS700S/RS700S-V1.0.7.96.zip
Link is:*********** https://kb.netgear.com/000066519/
Link is:*********** https://play.google.com/store/apps/details?id=com.netgear.netgearup&hl=en
Link is:*********** https://itunes.apple.com/us/app/netgear-up/id1124666597?mt=8
The link is*********** :https://stagesupport.netgear.com/support/product/rs90/
The elements text size under current version of above link********** : 3
Total links are 4
Link is:*********** https://www.downloads.netgear.com/files/GDC/RS90/RS90_V1.0.1.80.zip
Link is:*********** https://kb.netgear.com/000066617
Link is:*********** https://play.google.com/store/apps/details?id=com.netgear.netgearup&hl=en
Link is:*********** https://itunes.apple.com/us/app/netgear-up/id1124666597?mt=8
The link is*********** :https://stagesupport.netgear.com/support/product/raxe290/
The elements text size under current version of above link********** : 3
Total links are 4
Link is:*********** https://www.downloads.netgear.com/files/GDC/RAXE290/RAXE290-V1.0.8.64_3.zip
Link is:*********** https://kb.netgear.com/000065585
Link is:*********** https://play.google.com/store/apps/details?id=com.netgear.netgearup&hl=en
Link is:*********** https://itunes.apple.com/us/app/netgear-up/id1124666597?mt=8
]]></system-out>
    <system-err><![CDATA[SLF4J(W): No SLF4J providers were found.
SLF4J(W): Defaulting to no-operation (NOP) logger implementation
SLF4J(W): See https://www.slf4j.org/codes.html#noProviders for further details.
Mar 28, 2025 7:15:40 PM org.openqa.selenium.devtools.CdpVersionFinder findNearestMatch
WARNING: Unable to find an exact match for CDP version 134, returning the closest version; found: 130; Please update to a Selenium version that supports CDP version 134
org.openqa.selenium.NoSuchSessionException: invalid session id: session deleted as the browser has closed the connection
from disconnected: not connected to DevTools
  (Session info: chrome=134.0.6998.166)
Build info: version: '4.26.0', revision: '8ccf0219d7'
System info: os.name: 'Windows 11', os.arch: 'amd64', os.version: '10.0', java.version: '21.0.3'
Driver info: org.openqa.selenium.chrome.ChromeDriver
Command: [9cdaab38eeb5e0b7469fcf10ff6a6360, findElements {value=//a[@class='btn hide-until-pick-a-topic-load my-1 btn-primary btn-sm mx-2'], using=xpath}]
Capabilities {acceptInsecureCerts: false, browserName: chrome, browserVersion: 134.0.6998.166, chrome: {chromedriverVersion: 134.0.6998.165 (fd886e2cb29..., userDataDir: C:\Users\7N\AppData\Local\T...}, fedcm:accounts: true, goog:chromeOptions: {debuggerAddress: localhost:55641}, networkConnectionEnabled: false, pageLoadStrategy: normal, platformName: windows, proxy: Proxy(), se:cdp: ws://localhost:55641/devtoo..., se:cdpVersion: 134.0.6998.166, setWindowRect: true, strictFileInteractability: false, timeouts: {implicit: 0, pageLoad: 300000, script: 30000}, unhandledPromptBehavior: dismiss and notify, webauthn:extension:credBlob: true, webauthn:extension:largeBlob: true, webauthn:extension:minPinLength: true, webauthn:extension:prf: true, webauthn:virtualAuthenticators: true}
Session ID: 9cdaab38eeb5e0b7469fcf10ff6a6360
	at java.base/jdk.internal.reflect.DirectConstructorHandleAccessor.newInstance(DirectConstructorHandleAccessor.java:62)
	at java.base/java.lang.reflect.Constructor.newInstanceWithCaller(Constructor.java:502)
	at java.base/java.lang.reflect.Constructor.newInstance(Constructor.java:486)
	at org.openqa.selenium.remote.ErrorCodec.decode(ErrorCodec.java:167)
	at org.openqa.selenium.remote.codec.w3c.W3CHttpResponseCodec.decode(W3CHttpResponseCodec.java:138)
	at org.openqa.selenium.remote.codec.w3c.W3CHttpResponseCodec.decode(W3CHttpResponseCodec.java:50)
	at org.openqa.selenium.remote.HttpCommandExecutor.execute(HttpCommandExecutor.java:190)
	at org.openqa.selenium.remote.service.DriverCommandExecutor.invokeExecute(DriverCommandExecutor.java:216)
	at org.openqa.selenium.remote.service.DriverCommandExecutor.execute(DriverCommandExecutor.java:174)
	at org.openqa.selenium.remote.RemoteWebDriver.execute(RemoteWebDriver.java:545)
	at org.openqa.selenium.remote.ElementLocation$ElementFinder$2.findElements(ElementLocation.java:182)
	at org.openqa.selenium.remote.ElementLocation.findElements(ElementLocation.java:103)
	at org.openqa.selenium.remote.RemoteWebDriver.findElements(RemoteWebDriver.java:381)
	at org.openqa.selenium.remote.RemoteWebDriver.findElements(RemoteWebDriver.java:375)
	at com.netgear.test.ExtractProduct.verifyFirmwareAndDownloads(ExtractProduct.java:216)
	at com.netgear.test.ExtractProduct.listOfProducts(ExtractProduct.java:58)
	at java.base/jdk.internal.reflect.DirectMethodHandleAccessor.invoke(DirectMethodHandleAccessor.java:103)
	at java.base/java.lang.reflect.Method.invoke(Method.java:580)
	at org.testng.internal.invokers.MethodInvocationHelper.invokeMethod(MethodInvocationHelper.java:139)
	at org.testng.internal.invokers.TestInvoker.invokeMethod(TestInvoker.java:677)
	at org.testng.internal.invokers.TestInvoker.invokeTestMethod(TestInvoker.java:221)
	at org.testng.internal.invokers.MethodRunner.runInSequence(MethodRunner.java:50)
	at org.testng.internal.invokers.TestInvoker$MethodInvocationAgent.invoke(TestInvoker.java:969)
	at org.testng.internal.invokers.TestInvoker.invokeTestMethods(TestInvoker.java:194)
	at org.testng.internal.invokers.TestMethodWorker.invokeTestMethods(TestMethodWorker.java:148)
	at org.testng.internal.invokers.TestMethodWorker.run(TestMethodWorker.java:128)
	at java.base/java.util.ArrayList.forEach(ArrayList.java:1596)
	at org.testng.TestRunner.privateRun(TestRunner.java:829)
	at org.testng.TestRunner.run(TestRunner.java:602)
	at org.testng.SuiteRunner.runTest(SuiteRunner.java:437)
	at org.testng.SuiteRunner.runSequentially(SuiteRunner.java:431)
	at org.testng.SuiteRunner.privateRun(SuiteRunner.java:391)
	at org.testng.SuiteRunner.run(SuiteRunner.java:330)
	at org.testng.SuiteRunnerWorker.runSuite(SuiteRunnerWorker.java:52)
	at org.testng.SuiteRunnerWorker.run(SuiteRunnerWorker.java:95)
	at org.testng.TestNG.runSuitesSequentially(TestNG.java:1256)
	at org.testng.TestNG.runSuitesLocally(TestNG.java:1176)
	at org.testng.TestNG.runSuites(TestNG.java:1099)
	at org.testng.TestNG.run(TestNG.java:1067)
	at org.apache.maven.surefire.testng.TestNGExecutor.run(TestNGExecutor.java:155)
	at org.apache.maven.surefire.testng.TestNGDirectoryTestSuite.executeSingleClass(TestNGDirectoryTestSuite.java:102)
	at org.apache.maven.surefire.testng.TestNGDirectoryTestSuite.execute(TestNGDirectoryTestSuite.java:91)
	at org.apache.maven.surefire.testng.TestNGProvider.invoke(TestNGProvider.java:137)
	at org.apache.maven.surefire.booter.ForkedBooter.runSuitesInProcess(ForkedBooter.java:385)
	at org.apache.maven.surefire.booter.ForkedBooter.execute(ForkedBooter.java:162)
	at org.apache.maven.surefire.booter.ForkedBooter.run(ForkedBooter.java:507)
	at org.apache.maven.surefire.booter.ForkedBooter.main(ForkedBooter.java:495)
]]></system-err>
  </testcase>
</testsuite>